<?xml version="1.0" encoding="UTF-8"?>
<!-- Generated by org.testng.reporters.JUnitXMLReporter -->
<testsuite ignored="0" hostname="DESKTOP-6VKIIHK" failures="2" tests="2" name="Validating User Login usig Cucumber" time="8.031" errors="0" timestamp="2020-09-12T15:41:28 IST">
  <testcase classname="io.cucumber.testng.AbstractTestNGCucumberTests" name="runScenario" time="6.73">
    <failure type="org.openqa.selenium.SessionNotCreatedException" message="session not created: This version of ChromeDriver only supports Chrome version 80
Build info: version: &amp;apos;4.0.0-alpha-5&amp;apos;, revision: &amp;apos;b3a0d621cc&amp;apos;
System info: host: &amp;apos;DESKTOP-6VKIIHK&amp;apos;, ip: &amp;apos;192.168.43.84&amp;apos;, os.name: &amp;apos;Windows 10&amp;apos;, os.arch: &amp;apos;amd64&amp;apos;, os.version: &amp;apos;10.0&amp;apos;, java.version: &amp;apos;13.0.2&amp;apos;
Driver info: driver.version: ChromeDriver
remote stacktrace: Backtrace:
	Ordinal0 [0x00970C83+1707139]
	Ordinal0 [0x008D68F1+1075441]
	Ordinal0 [0x0084DFC9+516041]
	Ordinal0 [0x007E0554+66900]
	Ordinal0 [0x007DCCE2+52450]
	Ordinal0 [0x007FBFD7+180183]
	Ordinal0 [0x007FBDDD+179677]
	Ordinal0 [0x007F9D4B+171339]
	Ordinal0 [0x007E1D4A+73034]
	Ordinal0 [0x007E2DC0+77248]
	Ordinal0 [0x007E2D59+77145]
	Ordinal0 [0x008EBB67+1162087]
	GetHandleVerifier [0x00A0A966+508998]
	GetHandleVerifier [0x00A0A6A4+508292]
	GetHandleVerifier [0x00A1F7B7+594583]
	GetHandleVerifier [0x00A0B1D6+511158]
	Ordinal0 [0x008E402C+1130540]
	Ordinal0 [0x008ED4CB+1168587]
	Ordinal0 [0x008ED633+1168947]
	Ordinal0 [0x00905B35+1268533]
	BaseThreadInitThunk [0x74FF6359+25]
	RtlGetAppContainerNamedObjectPath [0x77167C24+228]
	RtlGetAppContainerNamedObjectPath [0x77167BF4+180]
">
      <![CDATA[org.openqa.selenium.SessionNotCreatedException: session not created: This version of ChromeDriver only supports Chrome version 80
Build info: version: '4.0.0-alpha-5', revision: 'b3a0d621cc'
System info: host: 'DESKTOP-6VKIIHK', ip: '192.168.43.84', os.name: 'Windows 10', os.arch: 'amd64', os.version: '10.0', java.version: '13.0.2'
Driver info: driver.version: ChromeDriver
remote stacktrace: Backtrace:
Ordinal0 [0x00970C83+1707139]
Ordinal0 [0x008D68F1+1075441]
Ordinal0 [0x0084DFC9+516041]
Ordinal0 [0x007E0554+66900]
Ordinal0 [0x007DCCE2+52450]
Ordinal0 [0x007FBFD7+180183]
Ordinal0 [0x007FBDDD+179677]
Ordinal0 [0x007F9D4B+171339]
Ordinal0 [0x007E1D4A+73034]
Ordinal0 [0x007E2DC0+77248]
Ordinal0 [0x007E2D59+77145]
Ordinal0 [0x008EBB67+1162087]
GetHandleVerifier [0x00A0A966+508998]
GetHandleVerifier [0x00A0A6A4+508292]
GetHandleVerifier [0x00A1F7B7+594583]
GetHandleVerifier [0x00A0B1D6+511158]
Ordinal0 [0x008E402C+1130540]
Ordinal0 [0x008ED4CB+1168587]
Ordinal0 [0x008ED633+1168947]
Ordinal0 [0x00905B35+1268533]
BaseThreadInitThunk [0x74FF6359+25]
RtlGetAppContainerNamedObjectPath [0x77167C24+228]
RtlGetAppContainerNamedObjectPath [0x77167BF4+180]

at org.openqa.selenium.remote.W3CHandshakeResponse.lambda$errorHandler$0(W3CHandshakeResponse.java:62)
at org.openqa.selenium.remote.HandshakeResponse.lambda$getResponseFunction$0(HandshakeResponse.java:30)
at org.openqa.selenium.remote.ProtocolHandshake.lambda$createSession$1(ProtocolHandshake.java:126)
at java.base/java.util.stream.ReferencePipeline$3$1.accept(ReferencePipeline.java:195)
at java.base/java.util.Spliterators$ArraySpliterator.tryAdvance(Spliterators.java:958)
at java.base/java.util.stream.ReferencePipeline.forEachWithCancel(ReferencePipeline.java:127)
at java.base/java.util.stream.AbstractPipeline.copyIntoWithCancel(AbstractPipeline.java:502)
at java.base/java.util.stream.AbstractPipeline.copyInto(AbstractPipeline.java:488)
at java.base/java.util.stream.AbstractPipeline.wrapAndCopyInto(AbstractPipeline.java:474)
at java.base/java.util.stream.FindOps$FindOp.evaluateSequential(FindOps.java:150)
at java.base/java.util.stream.AbstractPipeline.evaluate(AbstractPipeline.java:234)
at java.base/java.util.stream.ReferencePipeline.findFirst(ReferencePipeline.java:543)
at org.openqa.selenium.remote.ProtocolHandshake.createSession(ProtocolHandshake.java:128)
at org.openqa.selenium.remote.ProtocolHandshake.createSession(ProtocolHandshake.java:75)
at org.openqa.selenium.remote.HttpCommandExecutor.execute(HttpCommandExecutor.java:139)
at org.openqa.selenium.remote.service.DriverCommandExecutor.execute(DriverCommandExecutor.java:83)
at org.openqa.selenium.remote.RemoteWebDriver.execute(RemoteWebDriver.java:582)
at org.openqa.selenium.remote.RemoteWebDriver.startSession(RemoteWebDriver.java:216)
at org.openqa.selenium.remote.RemoteWebDriver.<init>(RemoteWebDriver.java:136)
at org.openqa.selenium.chromium.ChromiumDriver.<init>(ChromiumDriver.java:75)
at org.openqa.selenium.chrome.ChromeDriver.<init>(ChromeDriver.java:163)
at org.openqa.selenium.chrome.ChromeDriver.<init>(ChromeDriver.java:150)
at org.openqa.selenium.chrome.ChromeDriver.<init>(ChromeDriver.java:105)
at resources.base.initalizeDriver(base.java:35)
at stepDefinations.myStepDefinations.initilize_browser_with_chrome(myStepDefinations.java:25)
at âœ½.Initilize browser with chrome(file:///C:/Users/Mona/Project/src/test/java/features/login.feature:4)
... Removed 5 stack frames]]>
    </failure>
  </testcase> <!-- runScenario -->
  <testcase classname="io.cucumber.testng.AbstractTestNGCucumberTests" name="runScenario" time="6.846">
    <failure type="java.lang.NullPointerException">
      <![CDATA[java.lang.NullPointerException
at resources.base.getScreenshot(base.java:58)
at Academy.listeners.onTestFailure(listeners.java:35)
at java.base/java.util.ArrayList.forEach(ArrayList.java:1507)
... Removed 24 stack frames]]>
    </failure>
  </testcase> <!-- runScenario -->
</testsuite> <!-- Validating User Login usig Cucumber -->
