<!DOCTYPE html PUBLIC "-//W3C//DTD XHTML 1.1//EN" "http://www.w3.org/TR/xhtml11/DTD/xhtml11.dtd">
<html xmlns="http://www.w3.org/1999/xhtml">
<head>
<meta http-equiv="content-type" content="text/html; charset=UTF-8"/>
<title>TestNG Report</title>
<style type="text/css">table {margin-bottom:10px;border-collapse:collapse;empty-cells:show}th,td {border:1px solid #009;padding:.25em .5em}th {vertical-align:bottom}td {vertical-align:top}table a {font-weight:bold}.stripe td {background-color: #E6EBF9}.num {text-align:right}.passedodd td {background-color: #3F3}.passedeven td {background-color: #0A0}.skippedodd td {background-color: #DDD}.skippedeven td {background-color: #CCC}.failedodd td,.attn {background-color: #F33}.failedeven td,.stripe .attn {background-color: #D00}.stacktrace {white-space:pre;font-family:monospace}.totop {font-size:85%;text-align:center;border-bottom:2px solid #000}.invisible {display:none}</style>
</head>
<body>
<table>
<tr><th>Test</th><th># Passed</th><th># Skipped</th><th># Retried</th><th># Failed</th><th>Time (ms)</th><th>Included Groups</th><th>Excluded Groups</th></tr>
<tr><th colspan="8">Suite</th></tr>
<tr><td><a href="#t0">Validating Navigation Bar is presnt or not</a></td><td class="num">0</td><td class="num attn">1</td><td class="num">0</td><td class="num">0</td><td class="num">7,423</td><td></td><td></td></tr>
<tr class="stripe"><td><a href="#t1">Test</a></td><td class="num">0</td><td class="num">0</td><td class="num">0</td><td class="num">0</td><td class="num">5</td><td></td><td></td></tr>
<tr><td><a href="#t2">Validating Title is presnt or not</a></td><td class="num">0</td><td class="num attn">1</td><td class="num">0</td><td class="num">0</td><td class="num">1,929</td><td></td><td></td></tr>
<tr class="stripe"><td><a href="#t3">Validating User Login</a></td><td class="num">0</td><td class="num attn">2</td><td class="num">0</td><td class="num">0</td><td class="num">2,394</td><td></td><td></td></tr>
<tr><th>Total</th><th class="num">0</th><th class="num attn">4</th><th class="num">0</th><th class="num">0</th><th class="num">11,751</th><th colspan="2"></th></tr>
</table>
<table id='summary'><thead><tr><th>Class</th><th>Method</th><th>Start</th><th>Time (ms)</th></tr></thead><tbody><tr><th colspan="4">Suite</th></tr></tbody><tbody id="t0"><tr><th colspan="4">Validating Navigation Bar is presnt or not &#8212; failed (configuration methods)</th></tr><tr class="failedeven"><td rowspan="1">Academy.validateNavigation</td><td><a href="#m0">initalize</a></td><td rowspan="1">1599904422709</td><td rowspan="1">7160</td></tr><tr><th colspan="4">Validating Navigation Bar is presnt or not &#8212; skipped (configuration methods)</th></tr><tr class="skippedeven"><td rowspan="1">Academy.validateNavigation</td><td><a href="#m1">tearDown</a></td><td rowspan="1">1599904430100</td><td rowspan="1">-1599904430100</td></tr><tr><th colspan="4">Validating Navigation Bar is presnt or not &#8212; skipped</th></tr><tr class="skippedeven"><td rowspan="1">Academy.validateNavigation</td><td><a href="#m2">ValidateWebNavigation</a></td><td rowspan="1">1599904429976</td><td rowspan="1">0</td></tr></tbody>
<tbody id="t1"><tr><th colspan="4" class="invisible"/></tr></tbody>
<tbody id="t2"><tr><th colspan="4">Validating Title is presnt or not &#8212; failed (configuration methods)</th></tr><tr class="failedeven"><td rowspan="1">Academy.validateTitle</td><td><a href="#m3">initalize</a></td><td rowspan="1">1599904430517</td><td rowspan="1">1793</td></tr><tr><th colspan="4">Validating Title is presnt or not &#8212; skipped (configuration methods)</th></tr><tr class="skippedeven"><td rowspan="1">Academy.validateTitle</td><td><a href="#m4">tearDown</a></td><td rowspan="1">1599904432394</td><td rowspan="1">-1599904432394</td></tr><tr><th colspan="4">Validating Title is presnt or not &#8212; skipped</th></tr><tr class="skippedeven"><td rowspan="1">Academy.validateTitle</td><td><a href="#m5">ValidateWebTitle</a></td><td rowspan="1">1599904432358</td><td rowspan="1">1</td></tr></tbody>
<tbody id="t3"><tr><th colspan="4">Validating User Login &#8212; failed (configuration methods)</th></tr><tr class="failedeven"><td rowspan="1">Academy.HomePage</td><td><a href="#m6">initalize</a></td><td rowspan="1">1599904432520</td><td rowspan="1">2285</td></tr><tr><th colspan="4">Validating User Login &#8212; skipped (configuration methods)</th></tr><tr class="skippedeven"><td rowspan="1">Academy.HomePage</td><td><a href="#m7">tearDown</a></td><td rowspan="1">1599904434892</td><td rowspan="1">-1599904434892</td></tr><tr><th colspan="4">Validating User Login &#8212; skipped</th></tr><tr class="skippedeven"><td rowspan="2">Academy.HomePage</td><td><a href="#m8">ValidateWebUsers</a></td><td rowspan="2">1599904434860</td><td rowspan="2">0</td></tr><tr class="skippedeven"><td><a href="#m9">ValidateWebUsers</a></td></tr></tbody>
</table>
<h2>Validating Navigation Bar is presnt or not</h2><h3 id="m0">Academy.validateNavigation#initalize</h3><table class="result"><tr><th>Exception</th></tr><tr><td><div class="stacktrace">org.openqa.selenium.SessionNotCreatedException: session not created: This version of ChromeDriver only supports Chrome version 80
Build info: version: &apos;4.0.0-alpha-5&apos;, revision: &apos;b3a0d621cc&apos;
System info: host: &apos;DESKTOP-6VKIIHK&apos;, ip: &apos;192.168.43.84&apos;, os.name: &apos;Windows 10&apos;, os.arch: &apos;amd64&apos;, os.version: &apos;10.0&apos;, java.version: &apos;13.0.2&apos;
Driver info: driver.version: ChromeDriver
remote stacktrace: Backtrace:
	Ordinal0 [0x00970C83+1707139]
	Ordinal0 [0x008D68F1+1075441]
	Ordinal0 [0x0084DFC9+516041]
	Ordinal0 [0x007E0554+66900]
	Ordinal0 [0x007DCCE2+52450]
	Ordinal0 [0x007FBFD7+180183]
	Ordinal0 [0x007FBDDD+179677]
	Ordinal0 [0x007F9D4B+171339]
	Ordinal0 [0x007E1D4A+73034]
	Ordinal0 [0x007E2DC0+77248]
	Ordinal0 [0x007E2D59+77145]
	Ordinal0 [0x008EBB67+1162087]
	GetHandleVerifier [0x00A0A966+508998]
	GetHandleVerifier [0x00A0A6A4+508292]
	GetHandleVerifier [0x00A1F7B7+594583]
	GetHandleVerifier [0x00A0B1D6+511158]
	Ordinal0 [0x008E402C+1130540]
	Ordinal0 [0x008ED4CB+1168587]
	Ordinal0 [0x008ED633+1168947]
	Ordinal0 [0x00905B35+1268533]
	BaseThreadInitThunk [0x74FF6359+25]
	RtlGetAppContainerNamedObjectPath [0x77167C24+228]
	RtlGetAppContainerNamedObjectPath [0x77167BF4+180]

	at org.openqa.selenium.remote.W3CHandshakeResponse.lambda$errorHandler$0(W3CHandshakeResponse.java:62)
	at org.openqa.selenium.remote.HandshakeResponse.lambda$getResponseFunction$0(HandshakeResponse.java:30)
	at org.openqa.selenium.remote.ProtocolHandshake.lambda$createSession$1(ProtocolHandshake.java:126)
	at java.base/java.util.stream.ReferencePipeline$3$1.accept(ReferencePipeline.java:195)
	at java.base/java.util.Spliterators$ArraySpliterator.tryAdvance(Spliterators.java:958)
	at java.base/java.util.stream.ReferencePipeline.forEachWithCancel(ReferencePipeline.java:127)
	at java.base/java.util.stream.AbstractPipeline.copyIntoWithCancel(AbstractPipeline.java:502)
	at java.base/java.util.stream.AbstractPipeline.copyInto(AbstractPipeline.java:488)
	at java.base/java.util.stream.AbstractPipeline.wrapAndCopyInto(AbstractPipeline.java:474)
	at java.base/java.util.stream.FindOps$FindOp.evaluateSequential(FindOps.java:150)
	at java.base/java.util.stream.AbstractPipeline.evaluate(AbstractPipeline.java:234)
	at java.base/java.util.stream.ReferencePipeline.findFirst(ReferencePipeline.java:543)
	at org.openqa.selenium.remote.ProtocolHandshake.createSession(ProtocolHandshake.java:128)
	at org.openqa.selenium.remote.ProtocolHandshake.createSession(ProtocolHandshake.java:75)
	at org.openqa.selenium.remote.HttpCommandExecutor.execute(HttpCommandExecutor.java:139)
	at org.openqa.selenium.remote.service.DriverCommandExecutor.execute(DriverCommandExecutor.java:83)
	at org.openqa.selenium.remote.RemoteWebDriver.execute(RemoteWebDriver.java:582)
	at org.openqa.selenium.remote.RemoteWebDriver.startSession(RemoteWebDriver.java:216)
	at org.openqa.selenium.remote.RemoteWebDriver.&lt;init&gt;(RemoteWebDriver.java:136)
	at org.openqa.selenium.chromium.ChromiumDriver.&lt;init&gt;(ChromiumDriver.java:75)
	at org.openqa.selenium.chrome.ChromeDriver.&lt;init&gt;(ChromeDriver.java:163)
	at org.openqa.selenium.chrome.ChromeDriver.&lt;init&gt;(ChromeDriver.java:150)
	at org.openqa.selenium.chrome.ChromeDriver.&lt;init&gt;(ChromeDriver.java:105)
	at resources.base.initalizeDriver(base.java:35)
	at Academy.validateNavigation.initalize(validateNavigation.java:20)
... Removed 29 stack frames</div></td></tr></table><p class="totop"><a href="#summary">back to summary</a></p>
<h3 id="m1">Academy.validateNavigation#tearDown</h3><table class="result"><tr><th class="invisible"/></tr></table><p class="totop"><a href="#summary">back to summary</a></p>
<h3 id="m2">Academy.validateNavigation#ValidateWebNavigation</h3><table class="result"><tr><th>Exception</th></tr><tr><td><div class="stacktrace">org.openqa.selenium.SessionNotCreatedException: session not created: This version of ChromeDriver only supports Chrome version 80
Build info: version: &apos;4.0.0-alpha-5&apos;, revision: &apos;b3a0d621cc&apos;
System info: host: &apos;DESKTOP-6VKIIHK&apos;, ip: &apos;192.168.43.84&apos;, os.name: &apos;Windows 10&apos;, os.arch: &apos;amd64&apos;, os.version: &apos;10.0&apos;, java.version: &apos;13.0.2&apos;
Driver info: driver.version: ChromeDriver
remote stacktrace: Backtrace:
	Ordinal0 [0x00970C83+1707139]
	Ordinal0 [0x008D68F1+1075441]
	Ordinal0 [0x0084DFC9+516041]
	Ordinal0 [0x007E0554+66900]
	Ordinal0 [0x007DCCE2+52450]
	Ordinal0 [0x007FBFD7+180183]
	Ordinal0 [0x007FBDDD+179677]
	Ordinal0 [0x007F9D4B+171339]
	Ordinal0 [0x007E1D4A+73034]
	Ordinal0 [0x007E2DC0+77248]
	Ordinal0 [0x007E2D59+77145]
	Ordinal0 [0x008EBB67+1162087]
	GetHandleVerifier [0x00A0A966+508998]
	GetHandleVerifier [0x00A0A6A4+508292]
	GetHandleVerifier [0x00A1F7B7+594583]
	GetHandleVerifier [0x00A0B1D6+511158]
	Ordinal0 [0x008E402C+1130540]
	Ordinal0 [0x008ED4CB+1168587]
	Ordinal0 [0x008ED633+1168947]
	Ordinal0 [0x00905B35+1268533]
	BaseThreadInitThunk [0x74FF6359+25]
	RtlGetAppContainerNamedObjectPath [0x77167C24+228]
	RtlGetAppContainerNamedObjectPath [0x77167BF4+180]

	at org.openqa.selenium.remote.W3CHandshakeResponse.lambda$errorHandler$0(W3CHandshakeResponse.java:62)
	at org.openqa.selenium.remote.HandshakeResponse.lambda$getResponseFunction$0(HandshakeResponse.java:30)
	at org.openqa.selenium.remote.ProtocolHandshake.lambda$createSession$1(ProtocolHandshake.java:126)
	at java.base/java.util.stream.ReferencePipeline$3$1.accept(ReferencePipeline.java:195)
	at java.base/java.util.Spliterators$ArraySpliterator.tryAdvance(Spliterators.java:958)
	at java.base/java.util.stream.ReferencePipeline.forEachWithCancel(ReferencePipeline.java:127)
	at java.base/java.util.stream.AbstractPipeline.copyIntoWithCancel(AbstractPipeline.java:502)
	at java.base/java.util.stream.AbstractPipeline.copyInto(AbstractPipeline.java:488)
	at java.base/java.util.stream.AbstractPipeline.wrapAndCopyInto(AbstractPipeline.java:474)
	at java.base/java.util.stream.FindOps$FindOp.evaluateSequential(FindOps.java:150)
	at java.base/java.util.stream.AbstractPipeline.evaluate(AbstractPipeline.java:234)
	at java.base/java.util.stream.ReferencePipeline.findFirst(ReferencePipeline.java:543)
	at org.openqa.selenium.remote.ProtocolHandshake.createSession(ProtocolHandshake.java:128)
	at org.openqa.selenium.remote.ProtocolHandshake.createSession(ProtocolHandshake.java:75)
	at org.openqa.selenium.remote.HttpCommandExecutor.execute(HttpCommandExecutor.java:139)
	at org.openqa.selenium.remote.service.DriverCommandExecutor.execute(DriverCommandExecutor.java:83)
	at org.openqa.selenium.remote.RemoteWebDriver.execute(RemoteWebDriver.java:582)
	at org.openqa.selenium.remote.RemoteWebDriver.startSession(RemoteWebDriver.java:216)
	at org.openqa.selenium.remote.RemoteWebDriver.&lt;init&gt;(RemoteWebDriver.java:136)
	at org.openqa.selenium.chromium.ChromiumDriver.&lt;init&gt;(ChromiumDriver.java:75)
	at org.openqa.selenium.chrome.ChromeDriver.&lt;init&gt;(ChromeDriver.java:163)
	at org.openqa.selenium.chrome.ChromeDriver.&lt;init&gt;(ChromeDriver.java:150)
	at org.openqa.selenium.chrome.ChromeDriver.&lt;init&gt;(ChromeDriver.java:105)
	at resources.base.initalizeDriver(base.java:35)
	at Academy.validateNavigation.initalize(validateNavigation.java:20)
... Removed 29 stack frames</div></td></tr></table><p class="totop"><a href="#summary">back to summary</a></p>
<h2>Test</h2><h2>Validating Title is presnt or not</h2><h3 id="m3">Academy.validateTitle#initalize</h3><table class="result"><tr><th>Exception</th></tr><tr><td><div class="stacktrace">org.openqa.selenium.SessionNotCreatedException: session not created: This version of ChromeDriver only supports Chrome version 80
Build info: version: &apos;4.0.0-alpha-5&apos;, revision: &apos;b3a0d621cc&apos;
System info: host: &apos;DESKTOP-6VKIIHK&apos;, ip: &apos;192.168.43.84&apos;, os.name: &apos;Windows 10&apos;, os.arch: &apos;amd64&apos;, os.version: &apos;10.0&apos;, java.version: &apos;13.0.2&apos;
Driver info: driver.version: ChromeDriver
remote stacktrace: Backtrace:
	Ordinal0 [0x00970C83+1707139]
	Ordinal0 [0x008D68F1+1075441]
	Ordinal0 [0x0084DFC9+516041]
	Ordinal0 [0x007E0554+66900]
	Ordinal0 [0x007DCCE2+52450]
	Ordinal0 [0x007FBFD7+180183]
	Ordinal0 [0x007FBDDD+179677]
	Ordinal0 [0x007F9D4B+171339]
	Ordinal0 [0x007E1D4A+73034]
	Ordinal0 [0x007E2DC0+77248]
	Ordinal0 [0x007E2D59+77145]
	Ordinal0 [0x008EBB67+1162087]
	GetHandleVerifier [0x00A0A966+508998]
	GetHandleVerifier [0x00A0A6A4+508292]
	GetHandleVerifier [0x00A1F7B7+594583]
	GetHandleVerifier [0x00A0B1D6+511158]
	Ordinal0 [0x008E402C+1130540]
	Ordinal0 [0x008ED4CB+1168587]
	Ordinal0 [0x008ED633+1168947]
	Ordinal0 [0x00905B35+1268533]
	BaseThreadInitThunk [0x74FF6359+25]
	RtlGetAppContainerNamedObjectPath [0x77167C24+228]
	RtlGetAppContainerNamedObjectPath [0x77167BF4+180]

	at org.openqa.selenium.remote.W3CHandshakeResponse.lambda$errorHandler$0(W3CHandshakeResponse.java:62)
	at org.openqa.selenium.remote.HandshakeResponse.lambda$getResponseFunction$0(HandshakeResponse.java:30)
	at org.openqa.selenium.remote.ProtocolHandshake.lambda$createSession$1(ProtocolHandshake.java:126)
	at java.base/java.util.stream.ReferencePipeline$3$1.accept(ReferencePipeline.java:195)
	at java.base/java.util.Spliterators$ArraySpliterator.tryAdvance(Spliterators.java:958)
	at java.base/java.util.stream.ReferencePipeline.forEachWithCancel(ReferencePipeline.java:127)
	at java.base/java.util.stream.AbstractPipeline.copyIntoWithCancel(AbstractPipeline.java:502)
	at java.base/java.util.stream.AbstractPipeline.copyInto(AbstractPipeline.java:488)
	at java.base/java.util.stream.AbstractPipeline.wrapAndCopyInto(AbstractPipeline.java:474)
	at java.base/java.util.stream.FindOps$FindOp.evaluateSequential(FindOps.java:150)
	at java.base/java.util.stream.AbstractPipeline.evaluate(AbstractPipeline.java:234)
	at java.base/java.util.stream.ReferencePipeline.findFirst(ReferencePipeline.java:543)
	at org.openqa.selenium.remote.ProtocolHandshake.createSession(ProtocolHandshake.java:128)
	at org.openqa.selenium.remote.ProtocolHandshake.createSession(ProtocolHandshake.java:75)
	at org.openqa.selenium.remote.HttpCommandExecutor.execute(HttpCommandExecutor.java:139)
	at org.openqa.selenium.remote.service.DriverCommandExecutor.execute(DriverCommandExecutor.java:83)
	at org.openqa.selenium.remote.RemoteWebDriver.execute(RemoteWebDriver.java:582)
	at org.openqa.selenium.remote.RemoteWebDriver.startSession(RemoteWebDriver.java:216)
	at org.openqa.selenium.remote.RemoteWebDriver.&lt;init&gt;(RemoteWebDriver.java:136)
	at org.openqa.selenium.chromium.ChromiumDriver.&lt;init&gt;(ChromiumDriver.java:75)
	at org.openqa.selenium.chrome.ChromeDriver.&lt;init&gt;(ChromeDriver.java:163)
	at org.openqa.selenium.chrome.ChromeDriver.&lt;init&gt;(ChromeDriver.java:150)
	at org.openqa.selenium.chrome.ChromeDriver.&lt;init&gt;(ChromeDriver.java:105)
	at resources.base.initalizeDriver(base.java:35)
	at Academy.validateTitle.initalize(validateTitle.java:22)
... Removed 29 stack frames</div></td></tr></table><p class="totop"><a href="#summary">back to summary</a></p>
<h3 id="m4">Academy.validateTitle#tearDown</h3><table class="result"><tr><th class="invisible"/></tr></table><p class="totop"><a href="#summary">back to summary</a></p>
<h3 id="m5">Academy.validateTitle#ValidateWebTitle</h3><table class="result"><tr><th>Exception</th></tr><tr><td><div class="stacktrace">org.openqa.selenium.SessionNotCreatedException: session not created: This version of ChromeDriver only supports Chrome version 80
Build info: version: &apos;4.0.0-alpha-5&apos;, revision: &apos;b3a0d621cc&apos;
System info: host: &apos;DESKTOP-6VKIIHK&apos;, ip: &apos;192.168.43.84&apos;, os.name: &apos;Windows 10&apos;, os.arch: &apos;amd64&apos;, os.version: &apos;10.0&apos;, java.version: &apos;13.0.2&apos;
Driver info: driver.version: ChromeDriver
remote stacktrace: Backtrace:
	Ordinal0 [0x00970C83+1707139]
	Ordinal0 [0x008D68F1+1075441]
	Ordinal0 [0x0084DFC9+516041]
	Ordinal0 [0x007E0554+66900]
	Ordinal0 [0x007DCCE2+52450]
	Ordinal0 [0x007FBFD7+180183]
	Ordinal0 [0x007FBDDD+179677]
	Ordinal0 [0x007F9D4B+171339]
	Ordinal0 [0x007E1D4A+73034]
	Ordinal0 [0x007E2DC0+77248]
	Ordinal0 [0x007E2D59+77145]
	Ordinal0 [0x008EBB67+1162087]
	GetHandleVerifier [0x00A0A966+508998]
	GetHandleVerifier [0x00A0A6A4+508292]
	GetHandleVerifier [0x00A1F7B7+594583]
	GetHandleVerifier [0x00A0B1D6+511158]
	Ordinal0 [0x008E402C+1130540]
	Ordinal0 [0x008ED4CB+1168587]
	Ordinal0 [0x008ED633+1168947]
	Ordinal0 [0x00905B35+1268533]
	BaseThreadInitThunk [0x74FF6359+25]
	RtlGetAppContainerNamedObjectPath [0x77167C24+228]
	RtlGetAppContainerNamedObjectPath [0x77167BF4+180]

	at org.openqa.selenium.remote.W3CHandshakeResponse.lambda$errorHandler$0(W3CHandshakeResponse.java:62)
	at org.openqa.selenium.remote.HandshakeResponse.lambda$getResponseFunction$0(HandshakeResponse.java:30)
	at org.openqa.selenium.remote.ProtocolHandshake.lambda$createSession$1(ProtocolHandshake.java:126)
	at java.base/java.util.stream.ReferencePipeline$3$1.accept(ReferencePipeline.java:195)
	at java.base/java.util.Spliterators$ArraySpliterator.tryAdvance(Spliterators.java:958)
	at java.base/java.util.stream.ReferencePipeline.forEachWithCancel(ReferencePipeline.java:127)
	at java.base/java.util.stream.AbstractPipeline.copyIntoWithCancel(AbstractPipeline.java:502)
	at java.base/java.util.stream.AbstractPipeline.copyInto(AbstractPipeline.java:488)
	at java.base/java.util.stream.AbstractPipeline.wrapAndCopyInto(AbstractPipeline.java:474)
	at java.base/java.util.stream.FindOps$FindOp.evaluateSequential(FindOps.java:150)
	at java.base/java.util.stream.AbstractPipeline.evaluate(AbstractPipeline.java:234)
	at java.base/java.util.stream.ReferencePipeline.findFirst(ReferencePipeline.java:543)
	at org.openqa.selenium.remote.ProtocolHandshake.createSession(ProtocolHandshake.java:128)
	at org.openqa.selenium.remote.ProtocolHandshake.createSession(ProtocolHandshake.java:75)
	at org.openqa.selenium.remote.HttpCommandExecutor.execute(HttpCommandExecutor.java:139)
	at org.openqa.selenium.remote.service.DriverCommandExecutor.execute(DriverCommandExecutor.java:83)
	at org.openqa.selenium.remote.RemoteWebDriver.execute(RemoteWebDriver.java:582)
	at org.openqa.selenium.remote.RemoteWebDriver.startSession(RemoteWebDriver.java:216)
	at org.openqa.selenium.remote.RemoteWebDriver.&lt;init&gt;(RemoteWebDriver.java:136)
	at org.openqa.selenium.chromium.ChromiumDriver.&lt;init&gt;(ChromiumDriver.java:75)
	at org.openqa.selenium.chrome.ChromeDriver.&lt;init&gt;(ChromeDriver.java:163)
	at org.openqa.selenium.chrome.ChromeDriver.&lt;init&gt;(ChromeDriver.java:150)
	at org.openqa.selenium.chrome.ChromeDriver.&lt;init&gt;(ChromeDriver.java:105)
	at resources.base.initalizeDriver(base.java:35)
	at Academy.validateTitle.initalize(validateTitle.java:22)
... Removed 29 stack frames</div></td></tr></table><p class="totop"><a href="#summary">back to summary</a></p>
<h2>Validating User Login</h2><h3 id="m6">Academy.HomePage#initalize</h3><table class="result"><tr><th>Exception</th></tr><tr><td><div class="stacktrace">org.openqa.selenium.SessionNotCreatedException: session not created: This version of ChromeDriver only supports Chrome version 80
Build info: version: &apos;4.0.0-alpha-5&apos;, revision: &apos;b3a0d621cc&apos;
System info: host: &apos;DESKTOP-6VKIIHK&apos;, ip: &apos;192.168.43.84&apos;, os.name: &apos;Windows 10&apos;, os.arch: &apos;amd64&apos;, os.version: &apos;10.0&apos;, java.version: &apos;13.0.2&apos;
Driver info: driver.version: ChromeDriver
remote stacktrace: Backtrace:
	Ordinal0 [0x00970C83+1707139]
	Ordinal0 [0x008D68F1+1075441]
	Ordinal0 [0x0084DFC9+516041]
	Ordinal0 [0x007E0554+66900]
	Ordinal0 [0x007DCCE2+52450]
	Ordinal0 [0x007FBFD7+180183]
	Ordinal0 [0x007FBDDD+179677]
	Ordinal0 [0x007F9D4B+171339]
	Ordinal0 [0x007E1D4A+73034]
	Ordinal0 [0x007E2DC0+77248]
	Ordinal0 [0x007E2D59+77145]
	Ordinal0 [0x008EBB67+1162087]
	GetHandleVerifier [0x00A0A966+508998]
	GetHandleVerifier [0x00A0A6A4+508292]
	GetHandleVerifier [0x00A1F7B7+594583]
	GetHandleVerifier [0x00A0B1D6+511158]
	Ordinal0 [0x008E402C+1130540]
	Ordinal0 [0x008ED4CB+1168587]
	Ordinal0 [0x008ED633+1168947]
	Ordinal0 [0x00905B35+1268533]
	BaseThreadInitThunk [0x74FF6359+25]
	RtlGetAppContainerNamedObjectPath [0x77167C24+228]
	RtlGetAppContainerNamedObjectPath [0x77167BF4+180]

	at org.openqa.selenium.remote.W3CHandshakeResponse.lambda$errorHandler$0(W3CHandshakeResponse.java:62)
	at org.openqa.selenium.remote.HandshakeResponse.lambda$getResponseFunction$0(HandshakeResponse.java:30)
	at org.openqa.selenium.remote.ProtocolHandshake.lambda$createSession$1(ProtocolHandshake.java:126)
	at java.base/java.util.stream.ReferencePipeline$3$1.accept(ReferencePipeline.java:195)
	at java.base/java.util.Spliterators$ArraySpliterator.tryAdvance(Spliterators.java:958)
	at java.base/java.util.stream.ReferencePipeline.forEachWithCancel(ReferencePipeline.java:127)
	at java.base/java.util.stream.AbstractPipeline.copyIntoWithCancel(AbstractPipeline.java:502)
	at java.base/java.util.stream.AbstractPipeline.copyInto(AbstractPipeline.java:488)
	at java.base/java.util.stream.AbstractPipeline.wrapAndCopyInto(AbstractPipeline.java:474)
	at java.base/java.util.stream.FindOps$FindOp.evaluateSequential(FindOps.java:150)
	at java.base/java.util.stream.AbstractPipeline.evaluate(AbstractPipeline.java:234)
	at java.base/java.util.stream.ReferencePipeline.findFirst(ReferencePipeline.java:543)
	at org.openqa.selenium.remote.ProtocolHandshake.createSession(ProtocolHandshake.java:128)
	at org.openqa.selenium.remote.ProtocolHandshake.createSession(ProtocolHandshake.java:75)
	at org.openqa.selenium.remote.HttpCommandExecutor.execute(HttpCommandExecutor.java:139)
	at org.openqa.selenium.remote.service.DriverCommandExecutor.execute(DriverCommandExecutor.java:83)
	at org.openqa.selenium.remote.RemoteWebDriver.execute(RemoteWebDriver.java:582)
	at org.openqa.selenium.remote.RemoteWebDriver.startSession(RemoteWebDriver.java:216)
	at org.openqa.selenium.remote.RemoteWebDriver.&lt;init&gt;(RemoteWebDriver.java:136)
	at org.openqa.selenium.chromium.ChromiumDriver.&lt;init&gt;(ChromiumDriver.java:75)
	at org.openqa.selenium.chrome.ChromeDriver.&lt;init&gt;(ChromeDriver.java:163)
	at org.openqa.selenium.chrome.ChromeDriver.&lt;init&gt;(ChromeDriver.java:150)
	at org.openqa.selenium.chrome.ChromeDriver.&lt;init&gt;(ChromeDriver.java:105)
	at resources.base.initalizeDriver(base.java:35)
	at Academy.HomePage.initalize(HomePage.java:27)
... Removed 29 stack frames</div></td></tr></table><p class="totop"><a href="#summary">back to summary</a></p>
<h3 id="m7">Academy.HomePage#tearDown</h3><table class="result"><tr><th class="invisible"/></tr></table><p class="totop"><a href="#summary">back to summary</a></p>
<h3 id="m8">Academy.HomePage#ValidateWebUsers</h3><table class="result"><tr><th>Exception</th></tr><tr><td><div class="stacktrace">org.openqa.selenium.SessionNotCreatedException: session not created: This version of ChromeDriver only supports Chrome version 80
Build info: version: &apos;4.0.0-alpha-5&apos;, revision: &apos;b3a0d621cc&apos;
System info: host: &apos;DESKTOP-6VKIIHK&apos;, ip: &apos;192.168.43.84&apos;, os.name: &apos;Windows 10&apos;, os.arch: &apos;amd64&apos;, os.version: &apos;10.0&apos;, java.version: &apos;13.0.2&apos;
Driver info: driver.version: ChromeDriver
remote stacktrace: Backtrace:
	Ordinal0 [0x00970C83+1707139]
	Ordinal0 [0x008D68F1+1075441]
	Ordinal0 [0x0084DFC9+516041]
	Ordinal0 [0x007E0554+66900]
	Ordinal0 [0x007DCCE2+52450]
	Ordinal0 [0x007FBFD7+180183]
	Ordinal0 [0x007FBDDD+179677]
	Ordinal0 [0x007F9D4B+171339]
	Ordinal0 [0x007E1D4A+73034]
	Ordinal0 [0x007E2DC0+77248]
	Ordinal0 [0x007E2D59+77145]
	Ordinal0 [0x008EBB67+1162087]
	GetHandleVerifier [0x00A0A966+508998]
	GetHandleVerifier [0x00A0A6A4+508292]
	GetHandleVerifier [0x00A1F7B7+594583]
	GetHandleVerifier [0x00A0B1D6+511158]
	Ordinal0 [0x008E402C+1130540]
	Ordinal0 [0x008ED4CB+1168587]
	Ordinal0 [0x008ED633+1168947]
	Ordinal0 [0x00905B35+1268533]
	BaseThreadInitThunk [0x74FF6359+25]
	RtlGetAppContainerNamedObjectPath [0x77167C24+228]
	RtlGetAppContainerNamedObjectPath [0x77167BF4+180]

	at org.openqa.selenium.remote.W3CHandshakeResponse.lambda$errorHandler$0(W3CHandshakeResponse.java:62)
	at org.openqa.selenium.remote.HandshakeResponse.lambda$getResponseFunction$0(HandshakeResponse.java:30)
	at org.openqa.selenium.remote.ProtocolHandshake.lambda$createSession$1(ProtocolHandshake.java:126)
	at java.base/java.util.stream.ReferencePipeline$3$1.accept(ReferencePipeline.java:195)
	at java.base/java.util.Spliterators$ArraySpliterator.tryAdvance(Spliterators.java:958)
	at java.base/java.util.stream.ReferencePipeline.forEachWithCancel(ReferencePipeline.java:127)
	at java.base/java.util.stream.AbstractPipeline.copyIntoWithCancel(AbstractPipeline.java:502)
	at java.base/java.util.stream.AbstractPipeline.copyInto(AbstractPipeline.java:488)
	at java.base/java.util.stream.AbstractPipeline.wrapAndCopyInto(AbstractPipeline.java:474)
	at java.base/java.util.stream.FindOps$FindOp.evaluateSequential(FindOps.java:150)
	at java.base/java.util.stream.AbstractPipeline.evaluate(AbstractPipeline.java:234)
	at java.base/java.util.stream.ReferencePipeline.findFirst(ReferencePipeline.java:543)
	at org.openqa.selenium.remote.ProtocolHandshake.createSession(ProtocolHandshake.java:128)
	at org.openqa.selenium.remote.ProtocolHandshake.createSession(ProtocolHandshake.java:75)
	at org.openqa.selenium.remote.HttpCommandExecutor.execute(HttpCommandExecutor.java:139)
	at org.openqa.selenium.remote.service.DriverCommandExecutor.execute(DriverCommandExecutor.java:83)
	at org.openqa.selenium.remote.RemoteWebDriver.execute(RemoteWebDriver.java:582)
	at org.openqa.selenium.remote.RemoteWebDriver.startSession(RemoteWebDriver.java:216)
	at org.openqa.selenium.remote.RemoteWebDriver.&lt;init&gt;(RemoteWebDriver.java:136)
	at org.openqa.selenium.chromium.ChromiumDriver.&lt;init&gt;(ChromiumDriver.java:75)
	at org.openqa.selenium.chrome.ChromeDriver.&lt;init&gt;(ChromeDriver.java:163)
	at org.openqa.selenium.chrome.ChromeDriver.&lt;init&gt;(ChromeDriver.java:150)
	at org.openqa.selenium.chrome.ChromeDriver.&lt;init&gt;(ChromeDriver.java:105)
	at resources.base.initalizeDriver(base.java:35)
	at Academy.HomePage.initalize(HomePage.java:27)
... Removed 29 stack frames</div></td></tr></table><p class="totop"><a href="#summary">back to summary</a></p>
<h3 id="m9">Academy.HomePage#ValidateWebUsers</h3><table class="result"><tr><th>Exception</th></tr><tr><td><div class="stacktrace">org.openqa.selenium.SessionNotCreatedException: session not created: This version of ChromeDriver only supports Chrome version 80
Build info: version: &apos;4.0.0-alpha-5&apos;, revision: &apos;b3a0d621cc&apos;
System info: host: &apos;DESKTOP-6VKIIHK&apos;, ip: &apos;192.168.43.84&apos;, os.name: &apos;Windows 10&apos;, os.arch: &apos;amd64&apos;, os.version: &apos;10.0&apos;, java.version: &apos;13.0.2&apos;
Driver info: driver.version: ChromeDriver
remote stacktrace: Backtrace:
	Ordinal0 [0x00970C83+1707139]
	Ordinal0 [0x008D68F1+1075441]
	Ordinal0 [0x0084DFC9+516041]
	Ordinal0 [0x007E0554+66900]
	Ordinal0 [0x007DCCE2+52450]
	Ordinal0 [0x007FBFD7+180183]
	Ordinal0 [0x007FBDDD+179677]
	Ordinal0 [0x007F9D4B+171339]
	Ordinal0 [0x007E1D4A+73034]
	Ordinal0 [0x007E2DC0+77248]
	Ordinal0 [0x007E2D59+77145]
	Ordinal0 [0x008EBB67+1162087]
	GetHandleVerifier [0x00A0A966+508998]
	GetHandleVerifier [0x00A0A6A4+508292]
	GetHandleVerifier [0x00A1F7B7+594583]
	GetHandleVerifier [0x00A0B1D6+511158]
	Ordinal0 [0x008E402C+1130540]
	Ordinal0 [0x008ED4CB+1168587]
	Ordinal0 [0x008ED633+1168947]
	Ordinal0 [0x00905B35+1268533]
	BaseThreadInitThunk [0x74FF6359+25]
	RtlGetAppContainerNamedObjectPath [0x77167C24+228]
	RtlGetAppContainerNamedObjectPath [0x77167BF4+180]

	at org.openqa.selenium.remote.W3CHandshakeResponse.lambda$errorHandler$0(W3CHandshakeResponse.java:62)
	at org.openqa.selenium.remote.HandshakeResponse.lambda$getResponseFunction$0(HandshakeResponse.java:30)
	at org.openqa.selenium.remote.ProtocolHandshake.lambda$createSession$1(ProtocolHandshake.java:126)
	at java.base/java.util.stream.ReferencePipeline$3$1.accept(ReferencePipeline.java:195)
	at java.base/java.util.Spliterators$ArraySpliterator.tryAdvance(Spliterators.java:958)
	at java.base/java.util.stream.ReferencePipeline.forEachWithCancel(ReferencePipeline.java:127)
	at java.base/java.util.stream.AbstractPipeline.copyIntoWithCancel(AbstractPipeline.java:502)
	at java.base/java.util.stream.AbstractPipeline.copyInto(AbstractPipeline.java:488)
	at java.base/java.util.stream.AbstractPipeline.wrapAndCopyInto(AbstractPipeline.java:474)
	at java.base/java.util.stream.FindOps$FindOp.evaluateSequential(FindOps.java:150)
	at java.base/java.util.stream.AbstractPipeline.evaluate(AbstractPipeline.java:234)
	at java.base/java.util.stream.ReferencePipeline.findFirst(ReferencePipeline.java:543)
	at org.openqa.selenium.remote.ProtocolHandshake.createSession(ProtocolHandshake.java:128)
	at org.openqa.selenium.remote.ProtocolHandshake.createSession(ProtocolHandshake.java:75)
	at org.openqa.selenium.remote.HttpCommandExecutor.execute(HttpCommandExecutor.java:139)
	at org.openqa.selenium.remote.service.DriverCommandExecutor.execute(DriverCommandExecutor.java:83)
	at org.openqa.selenium.remote.RemoteWebDriver.execute(RemoteWebDriver.java:582)
	at org.openqa.selenium.remote.RemoteWebDriver.startSession(RemoteWebDriver.java:216)
	at org.openqa.selenium.remote.RemoteWebDriver.&lt;init&gt;(RemoteWebDriver.java:136)
	at org.openqa.selenium.chromium.ChromiumDriver.&lt;init&gt;(ChromiumDriver.java:75)
	at org.openqa.selenium.chrome.ChromeDriver.&lt;init&gt;(ChromeDriver.java:163)
	at org.openqa.selenium.chrome.ChromeDriver.&lt;init&gt;(ChromeDriver.java:150)
	at org.openqa.selenium.chrome.ChromeDriver.&lt;init&gt;(ChromeDriver.java:105)
	at resources.base.initalizeDriver(base.java:35)
	at Academy.HomePage.initalize(HomePage.java:27)
... Removed 29 stack frames</div></td></tr></table><p class="totop"><a href="#summary">back to summary</a></p>
</body>
</html>
