<?xml version="1.0" encoding="UTF-8"?>
<testng-results ignored="0" total="4" passed="0" failed="0" skipped="4">
  <reporter-output>
  </reporter-output>
  <suite started-at="2020-06-23T19:31:15 IST" name="Suite" finished-at="2020-06-23T19:31:31 IST" duration-ms="15902">
    <groups>
    </groups>
    <test started-at="2020-06-23T19:31:15 IST" name="Validating Navigation Bar is presnt or not" finished-at="2020-06-23T19:31:25 IST" duration-ms="10121">
      <class name="Academy.validateNavigation">
        <test-method is-config="true" signature="initalize()[pri:0, instance:Academy.validateNavigation@59fd97a8]" started-at="2020-06-23T19:31:15 IST" name="initalize" finished-at="2020-06-23T19:31:25 IST" duration-ms="9887" status="FAIL">
          <exception class="org.openqa.selenium.SessionNotCreatedException">
            <message>
              <![CDATA[session not created: This version of ChromeDriver only supports Chrome version 80
Build info: version: '4.0.0-alpha-5', revision: 'b3a0d621cc'
System info: host: 'DESKTOP-6VKIIHK', ip: '192.168.43.199', os.name: 'Windows 10', os.arch: 'amd64', os.version: '10.0', java.version: '13.0.2'
Driver info: driver.version: ChromeDriver
remote stacktrace: Backtrace:
Ordinal0 [0x00E40C83+1707139]
Ordinal0 [0x00DA68F1+1075441]
Ordinal0 [0x00D1DFC9+516041]
Ordinal0 [0x00CB0554+66900]
Ordinal0 [0x00CACCE2+52450]
Ordinal0 [0x00CCBFD7+180183]
Ordinal0 [0x00CCBDDD+179677]
Ordinal0 [0x00CC9D4B+171339]
Ordinal0 [0x00CB1D4A+73034]
Ordinal0 [0x00CB2DC0+77248]
Ordinal0 [0x00CB2D59+77145]
Ordinal0 [0x00DBBB67+1162087]
GetHandleVerifier [0x00EDA966+508998]
GetHandleVerifier [0x00EDA6A4+508292]
GetHandleVerifier [0x00EEF7B7+594583]
GetHandleVerifier [0x00EDB1D6+511158]
Ordinal0 [0x00DB402C+1130540]
Ordinal0 [0x00DBD4CB+1168587]
Ordinal0 [0x00DBD633+1168947]
Ordinal0 [0x00DD5B35+1268533]
BaseThreadInitThunk [0x75586359+25]
RtlGetAppContainerNamedObjectPath [0x76FE7C24+228]
RtlGetAppContainerNamedObjectPath [0x76FE7BF4+180]
]]>
            </message>
            <full-stacktrace>
              <![CDATA[org.openqa.selenium.SessionNotCreatedException: session not created: This version of ChromeDriver only supports Chrome version 80
Build info: version: '4.0.0-alpha-5', revision: 'b3a0d621cc'
System info: host: 'DESKTOP-6VKIIHK', ip: '192.168.43.199', os.name: 'Windows 10', os.arch: 'amd64', os.version: '10.0', java.version: '13.0.2'
Driver info: driver.version: ChromeDriver
remote stacktrace: Backtrace:
Ordinal0 [0x00E40C83+1707139]
Ordinal0 [0x00DA68F1+1075441]
Ordinal0 [0x00D1DFC9+516041]
Ordinal0 [0x00CB0554+66900]
Ordinal0 [0x00CACCE2+52450]
Ordinal0 [0x00CCBFD7+180183]
Ordinal0 [0x00CCBDDD+179677]
Ordinal0 [0x00CC9D4B+171339]
Ordinal0 [0x00CB1D4A+73034]
Ordinal0 [0x00CB2DC0+77248]
Ordinal0 [0x00CB2D59+77145]
Ordinal0 [0x00DBBB67+1162087]
GetHandleVerifier [0x00EDA966+508998]
GetHandleVerifier [0x00EDA6A4+508292]
GetHandleVerifier [0x00EEF7B7+594583]
GetHandleVerifier [0x00EDB1D6+511158]
Ordinal0 [0x00DB402C+1130540]
Ordinal0 [0x00DBD4CB+1168587]
Ordinal0 [0x00DBD633+1168947]
Ordinal0 [0x00DD5B35+1268533]
BaseThreadInitThunk [0x75586359+25]
RtlGetAppContainerNamedObjectPath [0x76FE7C24+228]
RtlGetAppContainerNamedObjectPath [0x76FE7BF4+180]

at java.base/jdk.internal.reflect.NativeConstructorAccessorImpl.newInstance0(Native Method)
at java.base/jdk.internal.reflect.NativeConstructorAccessorImpl.newInstance(NativeConstructorAccessorImpl.java:62)
at java.base/jdk.internal.reflect.DelegatingConstructorAccessorImpl.newInstance(DelegatingConstructorAccessorImpl.java:45)
at java.base/java.lang.reflect.Constructor.newInstanceWithCaller(Constructor.java:500)
at java.base/java.lang.reflect.Constructor.newInstance(Constructor.java:481)
at org.openqa.selenium.remote.W3CHandshakeResponse.lambda$errorHandler$0(W3CHandshakeResponse.java:62)
at org.openqa.selenium.remote.HandshakeResponse.lambda$getResponseFunction$0(HandshakeResponse.java:30)
at org.openqa.selenium.remote.ProtocolHandshake.lambda$createSession$1(ProtocolHandshake.java:126)
at java.base/java.util.stream.ReferencePipeline$3$1.accept(ReferencePipeline.java:195)
at java.base/java.util.Spliterators$ArraySpliterator.tryAdvance(Spliterators.java:958)
at java.base/java.util.stream.ReferencePipeline.forEachWithCancel(ReferencePipeline.java:127)
at java.base/java.util.stream.AbstractPipeline.copyIntoWithCancel(AbstractPipeline.java:502)
at java.base/java.util.stream.AbstractPipeline.copyInto(AbstractPipeline.java:488)
at java.base/java.util.stream.AbstractPipeline.wrapAndCopyInto(AbstractPipeline.java:474)
at java.base/java.util.stream.FindOps$FindOp.evaluateSequential(FindOps.java:150)
at java.base/java.util.stream.AbstractPipeline.evaluate(AbstractPipeline.java:234)
at java.base/java.util.stream.ReferencePipeline.findFirst(ReferencePipeline.java:543)
at org.openqa.selenium.remote.ProtocolHandshake.createSession(ProtocolHandshake.java:128)
at org.openqa.selenium.remote.ProtocolHandshake.createSession(ProtocolHandshake.java:75)
at org.openqa.selenium.remote.HttpCommandExecutor.execute(HttpCommandExecutor.java:139)
at org.openqa.selenium.remote.service.DriverCommandExecutor.execute(DriverCommandExecutor.java:83)
at org.openqa.selenium.remote.RemoteWebDriver.execute(RemoteWebDriver.java:582)
at org.openqa.selenium.remote.RemoteWebDriver.startSession(RemoteWebDriver.java:216)
at org.openqa.selenium.remote.RemoteWebDriver.<init>(RemoteWebDriver.java:136)
at org.openqa.selenium.chromium.ChromiumDriver.<init>(ChromiumDriver.java:75)
at org.openqa.selenium.chrome.ChromeDriver.<init>(ChromeDriver.java:163)
at org.openqa.selenium.chrome.ChromeDriver.<init>(ChromeDriver.java:150)
at org.openqa.selenium.chrome.ChromeDriver.<init>(ChromeDriver.java:105)
at resources.base.initalizeDriver(base.java:35)
at Academy.validateNavigation.initalize(validateNavigation.java:20)
at java.base/jdk.internal.reflect.NativeMethodAccessorImpl.invoke0(Native Method)
at java.base/jdk.internal.reflect.NativeMethodAccessorImpl.invoke(NativeMethodAccessorImpl.java:62)
at java.base/jdk.internal.reflect.DelegatingMethodAccessorImpl.invoke(DelegatingMethodAccessorImpl.java:43)
at java.base/java.lang.reflect.Method.invoke(Method.java:567)
at org.testng.internal.MethodInvocationHelper.invokeMethod(MethodInvocationHelper.java:134)
at org.testng.internal.MethodInvocationHelper.invokeMethodConsideringTimeout(MethodInvocationHelper.java:63)
at org.testng.internal.ConfigInvoker.invokeConfigurationMethod(ConfigInvoker.java:348)
at org.testng.internal.ConfigInvoker.invokeConfigurations(ConfigInvoker.java:302)
at org.testng.TestRunner.invokeTestConfigurations(TestRunner.java:619)
at org.testng.TestRunner.beforeRun(TestRunner.java:609)
at org.testng.TestRunner.run(TestRunner.java:580)
at org.testng.SuiteRunner.runTest(SuiteRunner.java:384)
at org.testng.SuiteRunner.runSequentially(SuiteRunner.java:378)
at org.testng.SuiteRunner.privateRun(SuiteRunner.java:337)
at org.testng.SuiteRunner.run(SuiteRunner.java:286)
at org.testng.SuiteRunnerWorker.runSuite(SuiteRunnerWorker.java:53)
at org.testng.SuiteRunnerWorker.run(SuiteRunnerWorker.java:96)
at org.testng.TestNG.runSuitesSequentially(TestNG.java:1187)
at org.testng.TestNG.runSuitesLocally(TestNG.java:1109)
at org.testng.TestNG.runSuites(TestNG.java:1039)
at org.testng.TestNG.run(TestNG.java:1007)
at org.testng.remote.AbstractRemoteTestNG.run(AbstractRemoteTestNG.java:115)
at org.testng.remote.RemoteTestNG.initAndRun(RemoteTestNG.java:251)
at org.testng.remote.RemoteTestNG.main(RemoteTestNG.java:77)
]]>
            </full-stacktrace>
          </exception> <!-- org.openqa.selenium.SessionNotCreatedException -->
          <reporter-output>
          </reporter-output>
        </test-method> <!-- initalize -->
        <test-method signature="ValidateWebNavigation()[pri:0, instance:Academy.validateNavigation@59fd97a8]" started-at="2020-06-23T19:31:25 IST" name="ValidateWebNavigation" finished-at="2020-06-23T19:31:25 IST" duration-ms="0" status="SKIP">
          <exception class="org.openqa.selenium.SessionNotCreatedException">
            <message>
              <![CDATA[session not created: This version of ChromeDriver only supports Chrome version 80
Build info: version: '4.0.0-alpha-5', revision: 'b3a0d621cc'
System info: host: 'DESKTOP-6VKIIHK', ip: '192.168.43.199', os.name: 'Windows 10', os.arch: 'amd64', os.version: '10.0', java.version: '13.0.2'
Driver info: driver.version: ChromeDriver
remote stacktrace: Backtrace:
Ordinal0 [0x00E40C83+1707139]
Ordinal0 [0x00DA68F1+1075441]
Ordinal0 [0x00D1DFC9+516041]
Ordinal0 [0x00CB0554+66900]
Ordinal0 [0x00CACCE2+52450]
Ordinal0 [0x00CCBFD7+180183]
Ordinal0 [0x00CCBDDD+179677]
Ordinal0 [0x00CC9D4B+171339]
Ordinal0 [0x00CB1D4A+73034]
Ordinal0 [0x00CB2DC0+77248]
Ordinal0 [0x00CB2D59+77145]
Ordinal0 [0x00DBBB67+1162087]
GetHandleVerifier [0x00EDA966+508998]
GetHandleVerifier [0x00EDA6A4+508292]
GetHandleVerifier [0x00EEF7B7+594583]
GetHandleVerifier [0x00EDB1D6+511158]
Ordinal0 [0x00DB402C+1130540]
Ordinal0 [0x00DBD4CB+1168587]
Ordinal0 [0x00DBD633+1168947]
Ordinal0 [0x00DD5B35+1268533]
BaseThreadInitThunk [0x75586359+25]
RtlGetAppContainerNamedObjectPath [0x76FE7C24+228]
RtlGetAppContainerNamedObjectPath [0x76FE7BF4+180]
]]>
            </message>
            <full-stacktrace>
              <![CDATA[org.openqa.selenium.SessionNotCreatedException: session not created: This version of ChromeDriver only supports Chrome version 80
Build info: version: '4.0.0-alpha-5', revision: 'b3a0d621cc'
System info: host: 'DESKTOP-6VKIIHK', ip: '192.168.43.199', os.name: 'Windows 10', os.arch: 'amd64', os.version: '10.0', java.version: '13.0.2'
Driver info: driver.version: ChromeDriver
remote stacktrace: Backtrace:
Ordinal0 [0x00E40C83+1707139]
Ordinal0 [0x00DA68F1+1075441]
Ordinal0 [0x00D1DFC9+516041]
Ordinal0 [0x00CB0554+66900]
Ordinal0 [0x00CACCE2+52450]
Ordinal0 [0x00CCBFD7+180183]
Ordinal0 [0x00CCBDDD+179677]
Ordinal0 [0x00CC9D4B+171339]
Ordinal0 [0x00CB1D4A+73034]
Ordinal0 [0x00CB2DC0+77248]
Ordinal0 [0x00CB2D59+77145]
Ordinal0 [0x00DBBB67+1162087]
GetHandleVerifier [0x00EDA966+508998]
GetHandleVerifier [0x00EDA6A4+508292]
GetHandleVerifier [0x00EEF7B7+594583]
GetHandleVerifier [0x00EDB1D6+511158]
Ordinal0 [0x00DB402C+1130540]
Ordinal0 [0x00DBD4CB+1168587]
Ordinal0 [0x00DBD633+1168947]
Ordinal0 [0x00DD5B35+1268533]
BaseThreadInitThunk [0x75586359+25]
RtlGetAppContainerNamedObjectPath [0x76FE7C24+228]
RtlGetAppContainerNamedObjectPath [0x76FE7BF4+180]

at java.base/jdk.internal.reflect.NativeConstructorAccessorImpl.newInstance0(Native Method)
at java.base/jdk.internal.reflect.NativeConstructorAccessorImpl.newInstance(NativeConstructorAccessorImpl.java:62)
at java.base/jdk.internal.reflect.DelegatingConstructorAccessorImpl.newInstance(DelegatingConstructorAccessorImpl.java:45)
at java.base/java.lang.reflect.Constructor.newInstanceWithCaller(Constructor.java:500)
at java.base/java.lang.reflect.Constructor.newInstance(Constructor.java:481)
at org.openqa.selenium.remote.W3CHandshakeResponse.lambda$errorHandler$0(W3CHandshakeResponse.java:62)
at org.openqa.selenium.remote.HandshakeResponse.lambda$getResponseFunction$0(HandshakeResponse.java:30)
at org.openqa.selenium.remote.ProtocolHandshake.lambda$createSession$1(ProtocolHandshake.java:126)
at java.base/java.util.stream.ReferencePipeline$3$1.accept(ReferencePipeline.java:195)
at java.base/java.util.Spliterators$ArraySpliterator.tryAdvance(Spliterators.java:958)
at java.base/java.util.stream.ReferencePipeline.forEachWithCancel(ReferencePipeline.java:127)
at java.base/java.util.stream.AbstractPipeline.copyIntoWithCancel(AbstractPipeline.java:502)
at java.base/java.util.stream.AbstractPipeline.copyInto(AbstractPipeline.java:488)
at java.base/java.util.stream.AbstractPipeline.wrapAndCopyInto(AbstractPipeline.java:474)
at java.base/java.util.stream.FindOps$FindOp.evaluateSequential(FindOps.java:150)
at java.base/java.util.stream.AbstractPipeline.evaluate(AbstractPipeline.java:234)
at java.base/java.util.stream.ReferencePipeline.findFirst(ReferencePipeline.java:543)
at org.openqa.selenium.remote.ProtocolHandshake.createSession(ProtocolHandshake.java:128)
at org.openqa.selenium.remote.ProtocolHandshake.createSession(ProtocolHandshake.java:75)
at org.openqa.selenium.remote.HttpCommandExecutor.execute(HttpCommandExecutor.java:139)
at org.openqa.selenium.remote.service.DriverCommandExecutor.execute(DriverCommandExecutor.java:83)
at org.openqa.selenium.remote.RemoteWebDriver.execute(RemoteWebDriver.java:582)
at org.openqa.selenium.remote.RemoteWebDriver.startSession(RemoteWebDriver.java:216)
at org.openqa.selenium.remote.RemoteWebDriver.<init>(RemoteWebDriver.java:136)
at org.openqa.selenium.chromium.ChromiumDriver.<init>(ChromiumDriver.java:75)
at org.openqa.selenium.chrome.ChromeDriver.<init>(ChromeDriver.java:163)
at org.openqa.selenium.chrome.ChromeDriver.<init>(ChromeDriver.java:150)
at org.openqa.selenium.chrome.ChromeDriver.<init>(ChromeDriver.java:105)
at resources.base.initalizeDriver(base.java:35)
at Academy.validateNavigation.initalize(validateNavigation.java:20)
at java.base/jdk.internal.reflect.NativeMethodAccessorImpl.invoke0(Native Method)
at java.base/jdk.internal.reflect.NativeMethodAccessorImpl.invoke(NativeMethodAccessorImpl.java:62)
at java.base/jdk.internal.reflect.DelegatingMethodAccessorImpl.invoke(DelegatingMethodAccessorImpl.java:43)
at java.base/java.lang.reflect.Method.invoke(Method.java:567)
at org.testng.internal.MethodInvocationHelper.invokeMethod(MethodInvocationHelper.java:134)
at org.testng.internal.MethodInvocationHelper.invokeMethodConsideringTimeout(MethodInvocationHelper.java:63)
at org.testng.internal.ConfigInvoker.invokeConfigurationMethod(ConfigInvoker.java:348)
at org.testng.internal.ConfigInvoker.invokeConfigurations(ConfigInvoker.java:302)
at org.testng.TestRunner.invokeTestConfigurations(TestRunner.java:619)
at org.testng.TestRunner.beforeRun(TestRunner.java:609)
at org.testng.TestRunner.run(TestRunner.java:580)
at org.testng.SuiteRunner.runTest(SuiteRunner.java:384)
at org.testng.SuiteRunner.runSequentially(SuiteRunner.java:378)
at org.testng.SuiteRunner.privateRun(SuiteRunner.java:337)
at org.testng.SuiteRunner.run(SuiteRunner.java:286)
at org.testng.SuiteRunnerWorker.runSuite(SuiteRunnerWorker.java:53)
at org.testng.SuiteRunnerWorker.run(SuiteRunnerWorker.java:96)
at org.testng.TestNG.runSuitesSequentially(TestNG.java:1187)
at org.testng.TestNG.runSuitesLocally(TestNG.java:1109)
at org.testng.TestNG.runSuites(TestNG.java:1039)
at org.testng.TestNG.run(TestNG.java:1007)
at org.testng.remote.AbstractRemoteTestNG.run(AbstractRemoteTestNG.java:115)
at org.testng.remote.RemoteTestNG.initAndRun(RemoteTestNG.java:251)
at org.testng.remote.RemoteTestNG.main(RemoteTestNG.java:77)
]]>
            </full-stacktrace>
          </exception> <!-- org.openqa.selenium.SessionNotCreatedException -->
          <reporter-output>
          </reporter-output>
        </test-method> <!-- ValidateWebNavigation -->
        <test-method is-config="true" signature="tearDown()[pri:0, instance:Academy.validateNavigation@59fd97a8]" started-at="2020-06-23T19:31:25 IST" name="tearDown" finished-at="1970-01-01T05:30:00 IST" duration-ms="-1592920885691" status="SKIP">
          <reporter-output>
          </reporter-output>
        </test-method> <!-- tearDown -->
      </class> <!-- Academy.validateNavigation -->
    </test> <!-- Validating Navigation Bar is presnt or not -->
    <test started-at="2020-06-23T19:31:26 IST" name="Test" finished-at="2020-06-23T19:31:26 IST" duration-ms="16">
    </test> <!-- Test -->
    <test started-at="2020-06-23T19:31:26 IST" name="Validating Title is presnt or not" finished-at="2020-06-23T19:31:28 IST" duration-ms="2391">
      <class name="Academy.validateTitle">
        <test-method is-config="true" signature="initalize()[pri:0, instance:Academy.validateTitle@b9b00e0]" started-at="2020-06-23T19:31:26 IST" name="initalize" finished-at="2020-06-23T19:31:28 IST" duration-ms="2249" status="FAIL">
          <exception class="org.openqa.selenium.SessionNotCreatedException">
            <message>
              <![CDATA[session not created: This version of ChromeDriver only supports Chrome version 80
Build info: version: '4.0.0-alpha-5', revision: 'b3a0d621cc'
System info: host: 'DESKTOP-6VKIIHK', ip: '192.168.43.199', os.name: 'Windows 10', os.arch: 'amd64', os.version: '10.0', java.version: '13.0.2'
Driver info: driver.version: ChromeDriver
remote stacktrace: Backtrace:
Ordinal0 [0x00E40C83+1707139]
Ordinal0 [0x00DA68F1+1075441]
Ordinal0 [0x00D1DFC9+516041]
Ordinal0 [0x00CB0554+66900]
Ordinal0 [0x00CACCE2+52450]
Ordinal0 [0x00CCBFD7+180183]
Ordinal0 [0x00CCBDDD+179677]
Ordinal0 [0x00CC9D4B+171339]
Ordinal0 [0x00CB1D4A+73034]
Ordinal0 [0x00CB2DC0+77248]
Ordinal0 [0x00CB2D59+77145]
Ordinal0 [0x00DBBB67+1162087]
GetHandleVerifier [0x00EDA966+508998]
GetHandleVerifier [0x00EDA6A4+508292]
GetHandleVerifier [0x00EEF7B7+594583]
GetHandleVerifier [0x00EDB1D6+511158]
Ordinal0 [0x00DB402C+1130540]
Ordinal0 [0x00DBD4CB+1168587]
Ordinal0 [0x00DBD633+1168947]
Ordinal0 [0x00DD5B35+1268533]
BaseThreadInitThunk [0x75586359+25]
RtlGetAppContainerNamedObjectPath [0x76FE7C24+228]
RtlGetAppContainerNamedObjectPath [0x76FE7BF4+180]
]]>
            </message>
            <full-stacktrace>
              <![CDATA[org.openqa.selenium.SessionNotCreatedException: session not created: This version of ChromeDriver only supports Chrome version 80
Build info: version: '4.0.0-alpha-5', revision: 'b3a0d621cc'
System info: host: 'DESKTOP-6VKIIHK', ip: '192.168.43.199', os.name: 'Windows 10', os.arch: 'amd64', os.version: '10.0', java.version: '13.0.2'
Driver info: driver.version: ChromeDriver
remote stacktrace: Backtrace:
Ordinal0 [0x00E40C83+1707139]
Ordinal0 [0x00DA68F1+1075441]
Ordinal0 [0x00D1DFC9+516041]
Ordinal0 [0x00CB0554+66900]
Ordinal0 [0x00CACCE2+52450]
Ordinal0 [0x00CCBFD7+180183]
Ordinal0 [0x00CCBDDD+179677]
Ordinal0 [0x00CC9D4B+171339]
Ordinal0 [0x00CB1D4A+73034]
Ordinal0 [0x00CB2DC0+77248]
Ordinal0 [0x00CB2D59+77145]
Ordinal0 [0x00DBBB67+1162087]
GetHandleVerifier [0x00EDA966+508998]
GetHandleVerifier [0x00EDA6A4+508292]
GetHandleVerifier [0x00EEF7B7+594583]
GetHandleVerifier [0x00EDB1D6+511158]
Ordinal0 [0x00DB402C+1130540]
Ordinal0 [0x00DBD4CB+1168587]
Ordinal0 [0x00DBD633+1168947]
Ordinal0 [0x00DD5B35+1268533]
BaseThreadInitThunk [0x75586359+25]
RtlGetAppContainerNamedObjectPath [0x76FE7C24+228]
RtlGetAppContainerNamedObjectPath [0x76FE7BF4+180]

at java.base/jdk.internal.reflect.NativeConstructorAccessorImpl.newInstance0(Native Method)
at java.base/jdk.internal.reflect.NativeConstructorAccessorImpl.newInstance(NativeConstructorAccessorImpl.java:62)
at java.base/jdk.internal.reflect.DelegatingConstructorAccessorImpl.newInstance(DelegatingConstructorAccessorImpl.java:45)
at java.base/java.lang.reflect.Constructor.newInstanceWithCaller(Constructor.java:500)
at java.base/java.lang.reflect.Constructor.newInstance(Constructor.java:481)
at org.openqa.selenium.remote.W3CHandshakeResponse.lambda$errorHandler$0(W3CHandshakeResponse.java:62)
at org.openqa.selenium.remote.HandshakeResponse.lambda$getResponseFunction$0(HandshakeResponse.java:30)
at org.openqa.selenium.remote.ProtocolHandshake.lambda$createSession$1(ProtocolHandshake.java:126)
at java.base/java.util.stream.ReferencePipeline$3$1.accept(ReferencePipeline.java:195)
at java.base/java.util.Spliterators$ArraySpliterator.tryAdvance(Spliterators.java:958)
at java.base/java.util.stream.ReferencePipeline.forEachWithCancel(ReferencePipeline.java:127)
at java.base/java.util.stream.AbstractPipeline.copyIntoWithCancel(AbstractPipeline.java:502)
at java.base/java.util.stream.AbstractPipeline.copyInto(AbstractPipeline.java:488)
at java.base/java.util.stream.AbstractPipeline.wrapAndCopyInto(AbstractPipeline.java:474)
at java.base/java.util.stream.FindOps$FindOp.evaluateSequential(FindOps.java:150)
at java.base/java.util.stream.AbstractPipeline.evaluate(AbstractPipeline.java:234)
at java.base/java.util.stream.ReferencePipeline.findFirst(ReferencePipeline.java:543)
at org.openqa.selenium.remote.ProtocolHandshake.createSession(ProtocolHandshake.java:128)
at org.openqa.selenium.remote.ProtocolHandshake.createSession(ProtocolHandshake.java:75)
at org.openqa.selenium.remote.HttpCommandExecutor.execute(HttpCommandExecutor.java:139)
at org.openqa.selenium.remote.service.DriverCommandExecutor.execute(DriverCommandExecutor.java:83)
at org.openqa.selenium.remote.RemoteWebDriver.execute(RemoteWebDriver.java:582)
at org.openqa.selenium.remote.RemoteWebDriver.startSession(RemoteWebDriver.java:216)
at org.openqa.selenium.remote.RemoteWebDriver.<init>(RemoteWebDriver.java:136)
at org.openqa.selenium.chromium.ChromiumDriver.<init>(ChromiumDriver.java:75)
at org.openqa.selenium.chrome.ChromeDriver.<init>(ChromeDriver.java:163)
at org.openqa.selenium.chrome.ChromeDriver.<init>(ChromeDriver.java:150)
at org.openqa.selenium.chrome.ChromeDriver.<init>(ChromeDriver.java:105)
at resources.base.initalizeDriver(base.java:35)
at Academy.validateTitle.initalize(validateTitle.java:22)
at java.base/jdk.internal.reflect.NativeMethodAccessorImpl.invoke0(Native Method)
at java.base/jdk.internal.reflect.NativeMethodAccessorImpl.invoke(NativeMethodAccessorImpl.java:62)
at java.base/jdk.internal.reflect.DelegatingMethodAccessorImpl.invoke(DelegatingMethodAccessorImpl.java:43)
at java.base/java.lang.reflect.Method.invoke(Method.java:567)
at org.testng.internal.MethodInvocationHelper.invokeMethod(MethodInvocationHelper.java:134)
at org.testng.internal.MethodInvocationHelper.invokeMethodConsideringTimeout(MethodInvocationHelper.java:63)
at org.testng.internal.ConfigInvoker.invokeConfigurationMethod(ConfigInvoker.java:348)
at org.testng.internal.ConfigInvoker.invokeConfigurations(ConfigInvoker.java:302)
at org.testng.TestRunner.invokeTestConfigurations(TestRunner.java:619)
at org.testng.TestRunner.beforeRun(TestRunner.java:609)
at org.testng.TestRunner.run(TestRunner.java:580)
at org.testng.SuiteRunner.runTest(SuiteRunner.java:384)
at org.testng.SuiteRunner.runSequentially(SuiteRunner.java:378)
at org.testng.SuiteRunner.privateRun(SuiteRunner.java:337)
at org.testng.SuiteRunner.run(SuiteRunner.java:286)
at org.testng.SuiteRunnerWorker.runSuite(SuiteRunnerWorker.java:53)
at org.testng.SuiteRunnerWorker.run(SuiteRunnerWorker.java:96)
at org.testng.TestNG.runSuitesSequentially(TestNG.java:1187)
at org.testng.TestNG.runSuitesLocally(TestNG.java:1109)
at org.testng.TestNG.runSuites(TestNG.java:1039)
at org.testng.TestNG.run(TestNG.java:1007)
at org.testng.remote.AbstractRemoteTestNG.run(AbstractRemoteTestNG.java:115)
at org.testng.remote.RemoteTestNG.initAndRun(RemoteTestNG.java:251)
at org.testng.remote.RemoteTestNG.main(RemoteTestNG.java:77)
]]>
            </full-stacktrace>
          </exception> <!-- org.openqa.selenium.SessionNotCreatedException -->
          <reporter-output>
          </reporter-output>
        </test-method> <!-- initalize -->
        <test-method signature="ValidateWebTitle()[pri:0, instance:Academy.validateTitle@b9b00e0]" started-at="2020-06-23T19:31:28 IST" name="ValidateWebTitle" finished-at="2020-06-23T19:31:28 IST" duration-ms="0" status="SKIP">
          <exception class="org.openqa.selenium.SessionNotCreatedException">
            <message>
              <![CDATA[session not created: This version of ChromeDriver only supports Chrome version 80
Build info: version: '4.0.0-alpha-5', revision: 'b3a0d621cc'
System info: host: 'DESKTOP-6VKIIHK', ip: '192.168.43.199', os.name: 'Windows 10', os.arch: 'amd64', os.version: '10.0', java.version: '13.0.2'
Driver info: driver.version: ChromeDriver
remote stacktrace: Backtrace:
Ordinal0 [0x00E40C83+1707139]
Ordinal0 [0x00DA68F1+1075441]
Ordinal0 [0x00D1DFC9+516041]
Ordinal0 [0x00CB0554+66900]
Ordinal0 [0x00CACCE2+52450]
Ordinal0 [0x00CCBFD7+180183]
Ordinal0 [0x00CCBDDD+179677]
Ordinal0 [0x00CC9D4B+171339]
Ordinal0 [0x00CB1D4A+73034]
Ordinal0 [0x00CB2DC0+77248]
Ordinal0 [0x00CB2D59+77145]
Ordinal0 [0x00DBBB67+1162087]
GetHandleVerifier [0x00EDA966+508998]
GetHandleVerifier [0x00EDA6A4+508292]
GetHandleVerifier [0x00EEF7B7+594583]
GetHandleVerifier [0x00EDB1D6+511158]
Ordinal0 [0x00DB402C+1130540]
Ordinal0 [0x00DBD4CB+1168587]
Ordinal0 [0x00DBD633+1168947]
Ordinal0 [0x00DD5B35+1268533]
BaseThreadInitThunk [0x75586359+25]
RtlGetAppContainerNamedObjectPath [0x76FE7C24+228]
RtlGetAppContainerNamedObjectPath [0x76FE7BF4+180]
]]>
            </message>
            <full-stacktrace>
              <![CDATA[org.openqa.selenium.SessionNotCreatedException: session not created: This version of ChromeDriver only supports Chrome version 80
Build info: version: '4.0.0-alpha-5', revision: 'b3a0d621cc'
System info: host: 'DESKTOP-6VKIIHK', ip: '192.168.43.199', os.name: 'Windows 10', os.arch: 'amd64', os.version: '10.0', java.version: '13.0.2'
Driver info: driver.version: ChromeDriver
remote stacktrace: Backtrace:
Ordinal0 [0x00E40C83+1707139]
Ordinal0 [0x00DA68F1+1075441]
Ordinal0 [0x00D1DFC9+516041]
Ordinal0 [0x00CB0554+66900]
Ordinal0 [0x00CACCE2+52450]
Ordinal0 [0x00CCBFD7+180183]
Ordinal0 [0x00CCBDDD+179677]
Ordinal0 [0x00CC9D4B+171339]
Ordinal0 [0x00CB1D4A+73034]
Ordinal0 [0x00CB2DC0+77248]
Ordinal0 [0x00CB2D59+77145]
Ordinal0 [0x00DBBB67+1162087]
GetHandleVerifier [0x00EDA966+508998]
GetHandleVerifier [0x00EDA6A4+508292]
GetHandleVerifier [0x00EEF7B7+594583]
GetHandleVerifier [0x00EDB1D6+511158]
Ordinal0 [0x00DB402C+1130540]
Ordinal0 [0x00DBD4CB+1168587]
Ordinal0 [0x00DBD633+1168947]
Ordinal0 [0x00DD5B35+1268533]
BaseThreadInitThunk [0x75586359+25]
RtlGetAppContainerNamedObjectPath [0x76FE7C24+228]
RtlGetAppContainerNamedObjectPath [0x76FE7BF4+180]

at java.base/jdk.internal.reflect.NativeConstructorAccessorImpl.newInstance0(Native Method)
at java.base/jdk.internal.reflect.NativeConstructorAccessorImpl.newInstance(NativeConstructorAccessorImpl.java:62)
at java.base/jdk.internal.reflect.DelegatingConstructorAccessorImpl.newInstance(DelegatingConstructorAccessorImpl.java:45)
at java.base/java.lang.reflect.Constructor.newInstanceWithCaller(Constructor.java:500)
at java.base/java.lang.reflect.Constructor.newInstance(Constructor.java:481)
at org.openqa.selenium.remote.W3CHandshakeResponse.lambda$errorHandler$0(W3CHandshakeResponse.java:62)
at org.openqa.selenium.remote.HandshakeResponse.lambda$getResponseFunction$0(HandshakeResponse.java:30)
at org.openqa.selenium.remote.ProtocolHandshake.lambda$createSession$1(ProtocolHandshake.java:126)
at java.base/java.util.stream.ReferencePipeline$3$1.accept(ReferencePipeline.java:195)
at java.base/java.util.Spliterators$ArraySpliterator.tryAdvance(Spliterators.java:958)
at java.base/java.util.stream.ReferencePipeline.forEachWithCancel(ReferencePipeline.java:127)
at java.base/java.util.stream.AbstractPipeline.copyIntoWithCancel(AbstractPipeline.java:502)
at java.base/java.util.stream.AbstractPipeline.copyInto(AbstractPipeline.java:488)
at java.base/java.util.stream.AbstractPipeline.wrapAndCopyInto(AbstractPipeline.java:474)
at java.base/java.util.stream.FindOps$FindOp.evaluateSequential(FindOps.java:150)
at java.base/java.util.stream.AbstractPipeline.evaluate(AbstractPipeline.java:234)
at java.base/java.util.stream.ReferencePipeline.findFirst(ReferencePipeline.java:543)
at org.openqa.selenium.remote.ProtocolHandshake.createSession(ProtocolHandshake.java:128)
at org.openqa.selenium.remote.ProtocolHandshake.createSession(ProtocolHandshake.java:75)
at org.openqa.selenium.remote.HttpCommandExecutor.execute(HttpCommandExecutor.java:139)
at org.openqa.selenium.remote.service.DriverCommandExecutor.execute(DriverCommandExecutor.java:83)
at org.openqa.selenium.remote.RemoteWebDriver.execute(RemoteWebDriver.java:582)
at org.openqa.selenium.remote.RemoteWebDriver.startSession(RemoteWebDriver.java:216)
at org.openqa.selenium.remote.RemoteWebDriver.<init>(RemoteWebDriver.java:136)
at org.openqa.selenium.chromium.ChromiumDriver.<init>(ChromiumDriver.java:75)
at org.openqa.selenium.chrome.ChromeDriver.<init>(ChromeDriver.java:163)
at org.openqa.selenium.chrome.ChromeDriver.<init>(ChromeDriver.java:150)
at org.openqa.selenium.chrome.ChromeDriver.<init>(ChromeDriver.java:105)
at resources.base.initalizeDriver(base.java:35)
at Academy.validateTitle.initalize(validateTitle.java:22)
at java.base/jdk.internal.reflect.NativeMethodAccessorImpl.invoke0(Native Method)
at java.base/jdk.internal.reflect.NativeMethodAccessorImpl.invoke(NativeMethodAccessorImpl.java:62)
at java.base/jdk.internal.reflect.DelegatingMethodAccessorImpl.invoke(DelegatingMethodAccessorImpl.java:43)
at java.base/java.lang.reflect.Method.invoke(Method.java:567)
at org.testng.internal.MethodInvocationHelper.invokeMethod(MethodInvocationHelper.java:134)
at org.testng.internal.MethodInvocationHelper.invokeMethodConsideringTimeout(MethodInvocationHelper.java:63)
at org.testng.internal.ConfigInvoker.invokeConfigurationMethod(ConfigInvoker.java:348)
at org.testng.internal.ConfigInvoker.invokeConfigurations(ConfigInvoker.java:302)
at org.testng.TestRunner.invokeTestConfigurations(TestRunner.java:619)
at org.testng.TestRunner.beforeRun(TestRunner.java:609)
at org.testng.TestRunner.run(TestRunner.java:580)
at org.testng.SuiteRunner.runTest(SuiteRunner.java:384)
at org.testng.SuiteRunner.runSequentially(SuiteRunner.java:378)
at org.testng.SuiteRunner.privateRun(SuiteRunner.java:337)
at org.testng.SuiteRunner.run(SuiteRunner.java:286)
at org.testng.SuiteRunnerWorker.runSuite(SuiteRunnerWorker.java:53)
at org.testng.SuiteRunnerWorker.run(SuiteRunnerWorker.java:96)
at org.testng.TestNG.runSuitesSequentially(TestNG.java:1187)
at org.testng.TestNG.runSuitesLocally(TestNG.java:1109)
at org.testng.TestNG.runSuites(TestNG.java:1039)
at org.testng.TestNG.run(TestNG.java:1007)
at org.testng.remote.AbstractRemoteTestNG.run(AbstractRemoteTestNG.java:115)
at org.testng.remote.RemoteTestNG.initAndRun(RemoteTestNG.java:251)
at org.testng.remote.RemoteTestNG.main(RemoteTestNG.java:77)
]]>
            </full-stacktrace>
          </exception> <!-- org.openqa.selenium.SessionNotCreatedException -->
          <reporter-output>
          </reporter-output>
        </test-method> <!-- ValidateWebTitle -->
        <test-method is-config="true" signature="tearDown()[pri:0, instance:Academy.validateTitle@b9b00e0]" started-at="2020-06-23T19:31:28 IST" name="tearDown" finished-at="1970-01-01T05:30:00 IST" duration-ms="-1592920888594" status="SKIP">
          <reporter-output>
          </reporter-output>
        </test-method> <!-- tearDown -->
      </class> <!-- Academy.validateTitle -->
    </test> <!-- Validating Title is presnt or not -->
    <test started-at="2020-06-23T19:31:28 IST" name="Validating User Login" finished-at="2020-06-23T19:31:31 IST" duration-ms="2696">
      <class name="Academy.HomePage">
        <test-method is-config="true" signature="initalize()[pri:0, instance:Academy.HomePage@5e600dd5]" started-at="2020-06-23T19:31:28 IST" name="initalize" finished-at="2020-06-23T19:31:31 IST" duration-ms="2627" status="FAIL">
          <exception class="org.openqa.selenium.SessionNotCreatedException">
            <message>
              <![CDATA[session not created: This version of ChromeDriver only supports Chrome version 80
Build info: version: '4.0.0-alpha-5', revision: 'b3a0d621cc'
System info: host: 'DESKTOP-6VKIIHK', ip: '192.168.43.199', os.name: 'Windows 10', os.arch: 'amd64', os.version: '10.0', java.version: '13.0.2'
Driver info: driver.version: ChromeDriver
remote stacktrace: Backtrace:
Ordinal0 [0x00E40C83+1707139]
Ordinal0 [0x00DA68F1+1075441]
Ordinal0 [0x00D1DFC9+516041]
Ordinal0 [0x00CB0554+66900]
Ordinal0 [0x00CACCE2+52450]
Ordinal0 [0x00CCBFD7+180183]
Ordinal0 [0x00CCBDDD+179677]
Ordinal0 [0x00CC9D4B+171339]
Ordinal0 [0x00CB1D4A+73034]
Ordinal0 [0x00CB2DC0+77248]
Ordinal0 [0x00CB2D59+77145]
Ordinal0 [0x00DBBB67+1162087]
GetHandleVerifier [0x00EDA966+508998]
GetHandleVerifier [0x00EDA6A4+508292]
GetHandleVerifier [0x00EEF7B7+594583]
GetHandleVerifier [0x00EDB1D6+511158]
Ordinal0 [0x00DB402C+1130540]
Ordinal0 [0x00DBD4CB+1168587]
Ordinal0 [0x00DBD633+1168947]
Ordinal0 [0x00DD5B35+1268533]
BaseThreadInitThunk [0x75586359+25]
RtlGetAppContainerNamedObjectPath [0x76FE7C24+228]
RtlGetAppContainerNamedObjectPath [0x76FE7BF4+180]
]]>
            </message>
            <full-stacktrace>
              <![CDATA[org.openqa.selenium.SessionNotCreatedException: session not created: This version of ChromeDriver only supports Chrome version 80
Build info: version: '4.0.0-alpha-5', revision: 'b3a0d621cc'
System info: host: 'DESKTOP-6VKIIHK', ip: '192.168.43.199', os.name: 'Windows 10', os.arch: 'amd64', os.version: '10.0', java.version: '13.0.2'
Driver info: driver.version: ChromeDriver
remote stacktrace: Backtrace:
Ordinal0 [0x00E40C83+1707139]
Ordinal0 [0x00DA68F1+1075441]
Ordinal0 [0x00D1DFC9+516041]
Ordinal0 [0x00CB0554+66900]
Ordinal0 [0x00CACCE2+52450]
Ordinal0 [0x00CCBFD7+180183]
Ordinal0 [0x00CCBDDD+179677]
Ordinal0 [0x00CC9D4B+171339]
Ordinal0 [0x00CB1D4A+73034]
Ordinal0 [0x00CB2DC0+77248]
Ordinal0 [0x00CB2D59+77145]
Ordinal0 [0x00DBBB67+1162087]
GetHandleVerifier [0x00EDA966+508998]
GetHandleVerifier [0x00EDA6A4+508292]
GetHandleVerifier [0x00EEF7B7+594583]
GetHandleVerifier [0x00EDB1D6+511158]
Ordinal0 [0x00DB402C+1130540]
Ordinal0 [0x00DBD4CB+1168587]
Ordinal0 [0x00DBD633+1168947]
Ordinal0 [0x00DD5B35+1268533]
BaseThreadInitThunk [0x75586359+25]
RtlGetAppContainerNamedObjectPath [0x76FE7C24+228]
RtlGetAppContainerNamedObjectPath [0x76FE7BF4+180]

at java.base/jdk.internal.reflect.NativeConstructorAccessorImpl.newInstance0(Native Method)
at java.base/jdk.internal.reflect.NativeConstructorAccessorImpl.newInstance(NativeConstructorAccessorImpl.java:62)
at java.base/jdk.internal.reflect.DelegatingConstructorAccessorImpl.newInstance(DelegatingConstructorAccessorImpl.java:45)
at java.base/java.lang.reflect.Constructor.newInstanceWithCaller(Constructor.java:500)
at java.base/java.lang.reflect.Constructor.newInstance(Constructor.java:481)
at org.openqa.selenium.remote.W3CHandshakeResponse.lambda$errorHandler$0(W3CHandshakeResponse.java:62)
at org.openqa.selenium.remote.HandshakeResponse.lambda$getResponseFunction$0(HandshakeResponse.java:30)
at org.openqa.selenium.remote.ProtocolHandshake.lambda$createSession$1(ProtocolHandshake.java:126)
at java.base/java.util.stream.ReferencePipeline$3$1.accept(ReferencePipeline.java:195)
at java.base/java.util.Spliterators$ArraySpliterator.tryAdvance(Spliterators.java:958)
at java.base/java.util.stream.ReferencePipeline.forEachWithCancel(ReferencePipeline.java:127)
at java.base/java.util.stream.AbstractPipeline.copyIntoWithCancel(AbstractPipeline.java:502)
at java.base/java.util.stream.AbstractPipeline.copyInto(AbstractPipeline.java:488)
at java.base/java.util.stream.AbstractPipeline.wrapAndCopyInto(AbstractPipeline.java:474)
at java.base/java.util.stream.FindOps$FindOp.evaluateSequential(FindOps.java:150)
at java.base/java.util.stream.AbstractPipeline.evaluate(AbstractPipeline.java:234)
at java.base/java.util.stream.ReferencePipeline.findFirst(ReferencePipeline.java:543)
at org.openqa.selenium.remote.ProtocolHandshake.createSession(ProtocolHandshake.java:128)
at org.openqa.selenium.remote.ProtocolHandshake.createSession(ProtocolHandshake.java:75)
at org.openqa.selenium.remote.HttpCommandExecutor.execute(HttpCommandExecutor.java:139)
at org.openqa.selenium.remote.service.DriverCommandExecutor.execute(DriverCommandExecutor.java:83)
at org.openqa.selenium.remote.RemoteWebDriver.execute(RemoteWebDriver.java:582)
at org.openqa.selenium.remote.RemoteWebDriver.startSession(RemoteWebDriver.java:216)
at org.openqa.selenium.remote.RemoteWebDriver.<init>(RemoteWebDriver.java:136)
at org.openqa.selenium.chromium.ChromiumDriver.<init>(ChromiumDriver.java:75)
at org.openqa.selenium.chrome.ChromeDriver.<init>(ChromeDriver.java:163)
at org.openqa.selenium.chrome.ChromeDriver.<init>(ChromeDriver.java:150)
at org.openqa.selenium.chrome.ChromeDriver.<init>(ChromeDriver.java:105)
at resources.base.initalizeDriver(base.java:35)
at Academy.HomePage.initalize(HomePage.java:27)
at java.base/jdk.internal.reflect.NativeMethodAccessorImpl.invoke0(Native Method)
at java.base/jdk.internal.reflect.NativeMethodAccessorImpl.invoke(NativeMethodAccessorImpl.java:62)
at java.base/jdk.internal.reflect.DelegatingMethodAccessorImpl.invoke(DelegatingMethodAccessorImpl.java:43)
at java.base/java.lang.reflect.Method.invoke(Method.java:567)
at org.testng.internal.MethodInvocationHelper.invokeMethod(MethodInvocationHelper.java:134)
at org.testng.internal.MethodInvocationHelper.invokeMethodConsideringTimeout(MethodInvocationHelper.java:63)
at org.testng.internal.ConfigInvoker.invokeConfigurationMethod(ConfigInvoker.java:348)
at org.testng.internal.ConfigInvoker.invokeConfigurations(ConfigInvoker.java:302)
at org.testng.TestRunner.invokeTestConfigurations(TestRunner.java:619)
at org.testng.TestRunner.beforeRun(TestRunner.java:609)
at org.testng.TestRunner.run(TestRunner.java:580)
at org.testng.SuiteRunner.runTest(SuiteRunner.java:384)
at org.testng.SuiteRunner.runSequentially(SuiteRunner.java:378)
at org.testng.SuiteRunner.privateRun(SuiteRunner.java:337)
at org.testng.SuiteRunner.run(SuiteRunner.java:286)
at org.testng.SuiteRunnerWorker.runSuite(SuiteRunnerWorker.java:53)
at org.testng.SuiteRunnerWorker.run(SuiteRunnerWorker.java:96)
at org.testng.TestNG.runSuitesSequentially(TestNG.java:1187)
at org.testng.TestNG.runSuitesLocally(TestNG.java:1109)
at org.testng.TestNG.runSuites(TestNG.java:1039)
at org.testng.TestNG.run(TestNG.java:1007)
at org.testng.remote.AbstractRemoteTestNG.run(AbstractRemoteTestNG.java:115)
at org.testng.remote.RemoteTestNG.initAndRun(RemoteTestNG.java:251)
at org.testng.remote.RemoteTestNG.main(RemoteTestNG.java:77)
]]>
            </full-stacktrace>
          </exception> <!-- org.openqa.selenium.SessionNotCreatedException -->
          <reporter-output>
          </reporter-output>
        </test-method> <!-- initalize -->
        <test-method signature="ValidateWebUsers(java.lang.String, java.lang.String, java.lang.String)[pri:0, instance:Academy.HomePage@5e600dd5]" started-at="2020-06-23T19:31:31 IST" name="ValidateWebUsers" data-provider="getData" finished-at="2020-06-23T19:31:31 IST" duration-ms="0" status="SKIP">
          <exception class="org.openqa.selenium.SessionNotCreatedException">
            <message>
              <![CDATA[session not created: This version of ChromeDriver only supports Chrome version 80
Build info: version: '4.0.0-alpha-5', revision: 'b3a0d621cc'
System info: host: 'DESKTOP-6VKIIHK', ip: '192.168.43.199', os.name: 'Windows 10', os.arch: 'amd64', os.version: '10.0', java.version: '13.0.2'
Driver info: driver.version: ChromeDriver
remote stacktrace: Backtrace:
Ordinal0 [0x00E40C83+1707139]
Ordinal0 [0x00DA68F1+1075441]
Ordinal0 [0x00D1DFC9+516041]
Ordinal0 [0x00CB0554+66900]
Ordinal0 [0x00CACCE2+52450]
Ordinal0 [0x00CCBFD7+180183]
Ordinal0 [0x00CCBDDD+179677]
Ordinal0 [0x00CC9D4B+171339]
Ordinal0 [0x00CB1D4A+73034]
Ordinal0 [0x00CB2DC0+77248]
Ordinal0 [0x00CB2D59+77145]
Ordinal0 [0x00DBBB67+1162087]
GetHandleVerifier [0x00EDA966+508998]
GetHandleVerifier [0x00EDA6A4+508292]
GetHandleVerifier [0x00EEF7B7+594583]
GetHandleVerifier [0x00EDB1D6+511158]
Ordinal0 [0x00DB402C+1130540]
Ordinal0 [0x00DBD4CB+1168587]
Ordinal0 [0x00DBD633+1168947]
Ordinal0 [0x00DD5B35+1268533]
BaseThreadInitThunk [0x75586359+25]
RtlGetAppContainerNamedObjectPath [0x76FE7C24+228]
RtlGetAppContainerNamedObjectPath [0x76FE7BF4+180]
]]>
            </message>
            <full-stacktrace>
              <![CDATA[org.openqa.selenium.SessionNotCreatedException: session not created: This version of ChromeDriver only supports Chrome version 80
Build info: version: '4.0.0-alpha-5', revision: 'b3a0d621cc'
System info: host: 'DESKTOP-6VKIIHK', ip: '192.168.43.199', os.name: 'Windows 10', os.arch: 'amd64', os.version: '10.0', java.version: '13.0.2'
Driver info: driver.version: ChromeDriver
remote stacktrace: Backtrace:
Ordinal0 [0x00E40C83+1707139]
Ordinal0 [0x00DA68F1+1075441]
Ordinal0 [0x00D1DFC9+516041]
Ordinal0 [0x00CB0554+66900]
Ordinal0 [0x00CACCE2+52450]
Ordinal0 [0x00CCBFD7+180183]
Ordinal0 [0x00CCBDDD+179677]
Ordinal0 [0x00CC9D4B+171339]
Ordinal0 [0x00CB1D4A+73034]
Ordinal0 [0x00CB2DC0+77248]
Ordinal0 [0x00CB2D59+77145]
Ordinal0 [0x00DBBB67+1162087]
GetHandleVerifier [0x00EDA966+508998]
GetHandleVerifier [0x00EDA6A4+508292]
GetHandleVerifier [0x00EEF7B7+594583]
GetHandleVerifier [0x00EDB1D6+511158]
Ordinal0 [0x00DB402C+1130540]
Ordinal0 [0x00DBD4CB+1168587]
Ordinal0 [0x00DBD633+1168947]
Ordinal0 [0x00DD5B35+1268533]
BaseThreadInitThunk [0x75586359+25]
RtlGetAppContainerNamedObjectPath [0x76FE7C24+228]
RtlGetAppContainerNamedObjectPath [0x76FE7BF4+180]

at java.base/jdk.internal.reflect.NativeConstructorAccessorImpl.newInstance0(Native Method)
at java.base/jdk.internal.reflect.NativeConstructorAccessorImpl.newInstance(NativeConstructorAccessorImpl.java:62)
at java.base/jdk.internal.reflect.DelegatingConstructorAccessorImpl.newInstance(DelegatingConstructorAccessorImpl.java:45)
at java.base/java.lang.reflect.Constructor.newInstanceWithCaller(Constructor.java:500)
at java.base/java.lang.reflect.Constructor.newInstance(Constructor.java:481)
at org.openqa.selenium.remote.W3CHandshakeResponse.lambda$errorHandler$0(W3CHandshakeResponse.java:62)
at org.openqa.selenium.remote.HandshakeResponse.lambda$getResponseFunction$0(HandshakeResponse.java:30)
at org.openqa.selenium.remote.ProtocolHandshake.lambda$createSession$1(ProtocolHandshake.java:126)
at java.base/java.util.stream.ReferencePipeline$3$1.accept(ReferencePipeline.java:195)
at java.base/java.util.Spliterators$ArraySpliterator.tryAdvance(Spliterators.java:958)
at java.base/java.util.stream.ReferencePipeline.forEachWithCancel(ReferencePipeline.java:127)
at java.base/java.util.stream.AbstractPipeline.copyIntoWithCancel(AbstractPipeline.java:502)
at java.base/java.util.stream.AbstractPipeline.copyInto(AbstractPipeline.java:488)
at java.base/java.util.stream.AbstractPipeline.wrapAndCopyInto(AbstractPipeline.java:474)
at java.base/java.util.stream.FindOps$FindOp.evaluateSequential(FindOps.java:150)
at java.base/java.util.stream.AbstractPipeline.evaluate(AbstractPipeline.java:234)
at java.base/java.util.stream.ReferencePipeline.findFirst(ReferencePipeline.java:543)
at org.openqa.selenium.remote.ProtocolHandshake.createSession(ProtocolHandshake.java:128)
at org.openqa.selenium.remote.ProtocolHandshake.createSession(ProtocolHandshake.java:75)
at org.openqa.selenium.remote.HttpCommandExecutor.execute(HttpCommandExecutor.java:139)
at org.openqa.selenium.remote.service.DriverCommandExecutor.execute(DriverCommandExecutor.java:83)
at org.openqa.selenium.remote.RemoteWebDriver.execute(RemoteWebDriver.java:582)
at org.openqa.selenium.remote.RemoteWebDriver.startSession(RemoteWebDriver.java:216)
at org.openqa.selenium.remote.RemoteWebDriver.<init>(RemoteWebDriver.java:136)
at org.openqa.selenium.chromium.ChromiumDriver.<init>(ChromiumDriver.java:75)
at org.openqa.selenium.chrome.ChromeDriver.<init>(ChromeDriver.java:163)
at org.openqa.selenium.chrome.ChromeDriver.<init>(ChromeDriver.java:150)
at org.openqa.selenium.chrome.ChromeDriver.<init>(ChromeDriver.java:105)
at resources.base.initalizeDriver(base.java:35)
at Academy.HomePage.initalize(HomePage.java:27)
at java.base/jdk.internal.reflect.NativeMethodAccessorImpl.invoke0(Native Method)
at java.base/jdk.internal.reflect.NativeMethodAccessorImpl.invoke(NativeMethodAccessorImpl.java:62)
at java.base/jdk.internal.reflect.DelegatingMethodAccessorImpl.invoke(DelegatingMethodAccessorImpl.java:43)
at java.base/java.lang.reflect.Method.invoke(Method.java:567)
at org.testng.internal.MethodInvocationHelper.invokeMethod(MethodInvocationHelper.java:134)
at org.testng.internal.MethodInvocationHelper.invokeMethodConsideringTimeout(MethodInvocationHelper.java:63)
at org.testng.internal.ConfigInvoker.invokeConfigurationMethod(ConfigInvoker.java:348)
at org.testng.internal.ConfigInvoker.invokeConfigurations(ConfigInvoker.java:302)
at org.testng.TestRunner.invokeTestConfigurations(TestRunner.java:619)
at org.testng.TestRunner.beforeRun(TestRunner.java:609)
at org.testng.TestRunner.run(TestRunner.java:580)
at org.testng.SuiteRunner.runTest(SuiteRunner.java:384)
at org.testng.SuiteRunner.runSequentially(SuiteRunner.java:378)
at org.testng.SuiteRunner.privateRun(SuiteRunner.java:337)
at org.testng.SuiteRunner.run(SuiteRunner.java:286)
at org.testng.SuiteRunnerWorker.runSuite(SuiteRunnerWorker.java:53)
at org.testng.SuiteRunnerWorker.run(SuiteRunnerWorker.java:96)
at org.testng.TestNG.runSuitesSequentially(TestNG.java:1187)
at org.testng.TestNG.runSuitesLocally(TestNG.java:1109)
at org.testng.TestNG.runSuites(TestNG.java:1039)
at org.testng.TestNG.run(TestNG.java:1007)
at org.testng.remote.AbstractRemoteTestNG.run(AbstractRemoteTestNG.java:115)
at org.testng.remote.RemoteTestNG.initAndRun(RemoteTestNG.java:251)
at org.testng.remote.RemoteTestNG.main(RemoteTestNG.java:77)
]]>
            </full-stacktrace>
          </exception> <!-- org.openqa.selenium.SessionNotCreatedException -->
          <reporter-output>
          </reporter-output>
        </test-method> <!-- ValidateWebUsers -->
        <test-method signature="ValidateWebUsers(java.lang.String, java.lang.String, java.lang.String)[pri:0, instance:Academy.HomePage@5e600dd5]" started-at="2020-06-23T19:31:31 IST" name="ValidateWebUsers" data-provider="getData" finished-at="2020-06-23T19:31:31 IST" duration-ms="0" status="SKIP">
          <exception class="org.openqa.selenium.SessionNotCreatedException">
            <message>
              <![CDATA[session not created: This version of ChromeDriver only supports Chrome version 80
Build info: version: '4.0.0-alpha-5', revision: 'b3a0d621cc'
System info: host: 'DESKTOP-6VKIIHK', ip: '192.168.43.199', os.name: 'Windows 10', os.arch: 'amd64', os.version: '10.0', java.version: '13.0.2'
Driver info: driver.version: ChromeDriver
remote stacktrace: Backtrace:
Ordinal0 [0x00E40C83+1707139]
Ordinal0 [0x00DA68F1+1075441]
Ordinal0 [0x00D1DFC9+516041]
Ordinal0 [0x00CB0554+66900]
Ordinal0 [0x00CACCE2+52450]
Ordinal0 [0x00CCBFD7+180183]
Ordinal0 [0x00CCBDDD+179677]
Ordinal0 [0x00CC9D4B+171339]
Ordinal0 [0x00CB1D4A+73034]
Ordinal0 [0x00CB2DC0+77248]
Ordinal0 [0x00CB2D59+77145]
Ordinal0 [0x00DBBB67+1162087]
GetHandleVerifier [0x00EDA966+508998]
GetHandleVerifier [0x00EDA6A4+508292]
GetHandleVerifier [0x00EEF7B7+594583]
GetHandleVerifier [0x00EDB1D6+511158]
Ordinal0 [0x00DB402C+1130540]
Ordinal0 [0x00DBD4CB+1168587]
Ordinal0 [0x00DBD633+1168947]
Ordinal0 [0x00DD5B35+1268533]
BaseThreadInitThunk [0x75586359+25]
RtlGetAppContainerNamedObjectPath [0x76FE7C24+228]
RtlGetAppContainerNamedObjectPath [0x76FE7BF4+180]
]]>
            </message>
            <full-stacktrace>
              <![CDATA[org.openqa.selenium.SessionNotCreatedException: session not created: This version of ChromeDriver only supports Chrome version 80
Build info: version: '4.0.0-alpha-5', revision: 'b3a0d621cc'
System info: host: 'DESKTOP-6VKIIHK', ip: '192.168.43.199', os.name: 'Windows 10', os.arch: 'amd64', os.version: '10.0', java.version: '13.0.2'
Driver info: driver.version: ChromeDriver
remote stacktrace: Backtrace:
Ordinal0 [0x00E40C83+1707139]
Ordinal0 [0x00DA68F1+1075441]
Ordinal0 [0x00D1DFC9+516041]
Ordinal0 [0x00CB0554+66900]
Ordinal0 [0x00CACCE2+52450]
Ordinal0 [0x00CCBFD7+180183]
Ordinal0 [0x00CCBDDD+179677]
Ordinal0 [0x00CC9D4B+171339]
Ordinal0 [0x00CB1D4A+73034]
Ordinal0 [0x00CB2DC0+77248]
Ordinal0 [0x00CB2D59+77145]
Ordinal0 [0x00DBBB67+1162087]
GetHandleVerifier [0x00EDA966+508998]
GetHandleVerifier [0x00EDA6A4+508292]
GetHandleVerifier [0x00EEF7B7+594583]
GetHandleVerifier [0x00EDB1D6+511158]
Ordinal0 [0x00DB402C+1130540]
Ordinal0 [0x00DBD4CB+1168587]
Ordinal0 [0x00DBD633+1168947]
Ordinal0 [0x00DD5B35+1268533]
BaseThreadInitThunk [0x75586359+25]
RtlGetAppContainerNamedObjectPath [0x76FE7C24+228]
RtlGetAppContainerNamedObjectPath [0x76FE7BF4+180]

at java.base/jdk.internal.reflect.NativeConstructorAccessorImpl.newInstance0(Native Method)
at java.base/jdk.internal.reflect.NativeConstructorAccessorImpl.newInstance(NativeConstructorAccessorImpl.java:62)
at java.base/jdk.internal.reflect.DelegatingConstructorAccessorImpl.newInstance(DelegatingConstructorAccessorImpl.java:45)
at java.base/java.lang.reflect.Constructor.newInstanceWithCaller(Constructor.java:500)
at java.base/java.lang.reflect.Constructor.newInstance(Constructor.java:481)
at org.openqa.selenium.remote.W3CHandshakeResponse.lambda$errorHandler$0(W3CHandshakeResponse.java:62)
at org.openqa.selenium.remote.HandshakeResponse.lambda$getResponseFunction$0(HandshakeResponse.java:30)
at org.openqa.selenium.remote.ProtocolHandshake.lambda$createSession$1(ProtocolHandshake.java:126)
at java.base/java.util.stream.ReferencePipeline$3$1.accept(ReferencePipeline.java:195)
at java.base/java.util.Spliterators$ArraySpliterator.tryAdvance(Spliterators.java:958)
at java.base/java.util.stream.ReferencePipeline.forEachWithCancel(ReferencePipeline.java:127)
at java.base/java.util.stream.AbstractPipeline.copyIntoWithCancel(AbstractPipeline.java:502)
at java.base/java.util.stream.AbstractPipeline.copyInto(AbstractPipeline.java:488)
at java.base/java.util.stream.AbstractPipeline.wrapAndCopyInto(AbstractPipeline.java:474)
at java.base/java.util.stream.FindOps$FindOp.evaluateSequential(FindOps.java:150)
at java.base/java.util.stream.AbstractPipeline.evaluate(AbstractPipeline.java:234)
at java.base/java.util.stream.ReferencePipeline.findFirst(ReferencePipeline.java:543)
at org.openqa.selenium.remote.ProtocolHandshake.createSession(ProtocolHandshake.java:128)
at org.openqa.selenium.remote.ProtocolHandshake.createSession(ProtocolHandshake.java:75)
at org.openqa.selenium.remote.HttpCommandExecutor.execute(HttpCommandExecutor.java:139)
at org.openqa.selenium.remote.service.DriverCommandExecutor.execute(DriverCommandExecutor.java:83)
at org.openqa.selenium.remote.RemoteWebDriver.execute(RemoteWebDriver.java:582)
at org.openqa.selenium.remote.RemoteWebDriver.startSession(RemoteWebDriver.java:216)
at org.openqa.selenium.remote.RemoteWebDriver.<init>(RemoteWebDriver.java:136)
at org.openqa.selenium.chromium.ChromiumDriver.<init>(ChromiumDriver.java:75)
at org.openqa.selenium.chrome.ChromeDriver.<init>(ChromeDriver.java:163)
at org.openqa.selenium.chrome.ChromeDriver.<init>(ChromeDriver.java:150)
at org.openqa.selenium.chrome.ChromeDriver.<init>(ChromeDriver.java:105)
at resources.base.initalizeDriver(base.java:35)
at Academy.HomePage.initalize(HomePage.java:27)
at java.base/jdk.internal.reflect.NativeMethodAccessorImpl.invoke0(Native Method)
at java.base/jdk.internal.reflect.NativeMethodAccessorImpl.invoke(NativeMethodAccessorImpl.java:62)
at java.base/jdk.internal.reflect.DelegatingMethodAccessorImpl.invoke(DelegatingMethodAccessorImpl.java:43)
at java.base/java.lang.reflect.Method.invoke(Method.java:567)
at org.testng.internal.MethodInvocationHelper.invokeMethod(MethodInvocationHelper.java:134)
at org.testng.internal.MethodInvocationHelper.invokeMethodConsideringTimeout(MethodInvocationHelper.java:63)
at org.testng.internal.ConfigInvoker.invokeConfigurationMethod(ConfigInvoker.java:348)
at org.testng.internal.ConfigInvoker.invokeConfigurations(ConfigInvoker.java:302)
at org.testng.TestRunner.invokeTestConfigurations(TestRunner.java:619)
at org.testng.TestRunner.beforeRun(TestRunner.java:609)
at org.testng.TestRunner.run(TestRunner.java:580)
at org.testng.SuiteRunner.runTest(SuiteRunner.java:384)
at org.testng.SuiteRunner.runSequentially(SuiteRunner.java:378)
at org.testng.SuiteRunner.privateRun(SuiteRunner.java:337)
at org.testng.SuiteRunner.run(SuiteRunner.java:286)
at org.testng.SuiteRunnerWorker.runSuite(SuiteRunnerWorker.java:53)
at org.testng.SuiteRunnerWorker.run(SuiteRunnerWorker.java:96)
at org.testng.TestNG.runSuitesSequentially(TestNG.java:1187)
at org.testng.TestNG.runSuitesLocally(TestNG.java:1109)
at org.testng.TestNG.runSuites(TestNG.java:1039)
at org.testng.TestNG.run(TestNG.java:1007)
at org.testng.remote.AbstractRemoteTestNG.run(AbstractRemoteTestNG.java:115)
at org.testng.remote.RemoteTestNG.initAndRun(RemoteTestNG.java:251)
at org.testng.remote.RemoteTestNG.main(RemoteTestNG.java:77)
]]>
            </full-stacktrace>
          </exception> <!-- org.openqa.selenium.SessionNotCreatedException -->
          <reporter-output>
          </reporter-output>
        </test-method> <!-- ValidateWebUsers -->
        <test-method is-config="true" signature="tearDown()[pri:0, instance:Academy.HomePage@5e600dd5]" started-at="2020-06-23T19:31:31 IST" name="tearDown" finished-at="1970-01-01T05:30:00 IST" duration-ms="-1592920891471" status="SKIP">
          <reporter-output>
          </reporter-output>
        </test-method> <!-- tearDown -->
      </class> <!-- Academy.HomePage -->
    </test> <!-- Validating User Login -->
  </suite> <!-- Suite -->
</testng-results>
