<?xml version="1.0" encoding="UTF-8"?>
<!-- Generated by org.testng.reporters.JUnitReportReporter -->
<testsuite hostname="DESKTOP-6VKIIHK" failures="0" tests="2" name="Academy.validateTitle" time="1.794" errors="1" timestamp="2020-09-12T15:23:55 IST" skipped="1">
  <testcase classname="Academy.validateTitle" name="initalize" time="1.793">
    <error message="session not created: This version of ChromeDriver only supports Chrome version 80
Build info: version: &#039;4.0.0-alpha-5&#039;, revision: &#039;b3a0d621cc&#039;
System info: host: &#039;DESKTOP-6VKIIHK&#039;, ip: &#039;192.168.43.84&#039;, os.name: &#039;Windows 10&#039;, os.arch: &#039;amd64&#039;, os.version: &#039;10.0&#039;, java.version: &#039;13.0.2&#039;
Driver info: driver.version: ChromeDriver
remote stacktrace: Backtrace:
	Ordinal0 [0x00970C83+1707139]
	Ordinal0 [0x008D68F1+1075441]
	Ordinal0 [0x0084DFC9+516041]
	Ordinal0 [0x007E0554+66900]
	Ordinal0 [0x007DCCE2+52450]
	Ordinal0 [0x007FBFD7+180183]
	Ordinal0 [0x007FBDDD+179677]
	Ordinal0 [0x007F9D4B+171339]
	Ordinal0 [0x007E1D4A+73034]
	Ordinal0 [0x007E2DC0+77248]
	Ordinal0 [0x007E2D59+77145]
	Ordinal0 [0x008EBB67+1162087]
	GetHandleVerifier [0x00A0A966+508998]
	GetHandleVerifier [0x00A0A6A4+508292]
	GetHandleVerifier [0x00A1F7B7+594583]
	GetHandleVerifier [0x00A0B1D6+511158]
	Ordinal0 [0x008E402C+1130540]
	Ordinal0 [0x008ED4CB+1168587]
	Ordinal0 [0x008ED633+1168947]
	Ordinal0 [0x00905B35+1268533]
	BaseThreadInitThunk [0x74FF6359+25]
	RtlGetAppContainerNamedObjectPath [0x77167C24+228]
	RtlGetAppContainerNamedObjectPath [0x77167BF4+180]
" type="org.openqa.selenium.SessionNotCreatedException">
      <![CDATA[org.openqa.selenium.SessionNotCreatedException: session not created: This version of ChromeDriver only supports Chrome version 80
Build info: version: '4.0.0-alpha-5', revision: 'b3a0d621cc'
System info: host: 'DESKTOP-6VKIIHK', ip: '192.168.43.84', os.name: 'Windows 10', os.arch: 'amd64', os.version: '10.0', java.version: '13.0.2'
Driver info: driver.version: ChromeDriver
remote stacktrace: Backtrace:
Ordinal0 [0x00970C83+1707139]
Ordinal0 [0x008D68F1+1075441]
Ordinal0 [0x0084DFC9+516041]
Ordinal0 [0x007E0554+66900]
Ordinal0 [0x007DCCE2+52450]
Ordinal0 [0x007FBFD7+180183]
Ordinal0 [0x007FBDDD+179677]
Ordinal0 [0x007F9D4B+171339]
Ordinal0 [0x007E1D4A+73034]
Ordinal0 [0x007E2DC0+77248]
Ordinal0 [0x007E2D59+77145]
Ordinal0 [0x008EBB67+1162087]
GetHandleVerifier [0x00A0A966+508998]
GetHandleVerifier [0x00A0A6A4+508292]
GetHandleVerifier [0x00A1F7B7+594583]
GetHandleVerifier [0x00A0B1D6+511158]
Ordinal0 [0x008E402C+1130540]
Ordinal0 [0x008ED4CB+1168587]
Ordinal0 [0x008ED633+1168947]
Ordinal0 [0x00905B35+1268533]
BaseThreadInitThunk [0x74FF6359+25]
RtlGetAppContainerNamedObjectPath [0x77167C24+228]
RtlGetAppContainerNamedObjectPath [0x77167BF4+180]

at java.base/jdk.internal.reflect.NativeConstructorAccessorImpl.newInstance0(Native Method)
at java.base/jdk.internal.reflect.NativeConstructorAccessorImpl.newInstance(NativeConstructorAccessorImpl.java:62)
at java.base/jdk.internal.reflect.DelegatingConstructorAccessorImpl.newInstance(DelegatingConstructorAccessorImpl.java:45)
at java.base/java.lang.reflect.Constructor.newInstanceWithCaller(Constructor.java:500)
at java.base/java.lang.reflect.Constructor.newInstance(Constructor.java:481)
at org.openqa.selenium.remote.W3CHandshakeResponse.lambda$errorHandler$0(W3CHandshakeResponse.java:62)
at org.openqa.selenium.remote.HandshakeResponse.lambda$getResponseFunction$0(HandshakeResponse.java:30)
at org.openqa.selenium.remote.ProtocolHandshake.lambda$createSession$1(ProtocolHandshake.java:126)
at java.base/java.util.stream.ReferencePipeline$3$1.accept(ReferencePipeline.java:195)
at java.base/java.util.Spliterators$ArraySpliterator.tryAdvance(Spliterators.java:958)
at java.base/java.util.stream.ReferencePipeline.forEachWithCancel(ReferencePipeline.java:127)
at java.base/java.util.stream.AbstractPipeline.copyIntoWithCancel(AbstractPipeline.java:502)
at java.base/java.util.stream.AbstractPipeline.copyInto(AbstractPipeline.java:488)
at java.base/java.util.stream.AbstractPipeline.wrapAndCopyInto(AbstractPipeline.java:474)
at java.base/java.util.stream.FindOps$FindOp.evaluateSequential(FindOps.java:150)
at java.base/java.util.stream.AbstractPipeline.evaluate(AbstractPipeline.java:234)
at java.base/java.util.stream.ReferencePipeline.findFirst(ReferencePipeline.java:543)
at org.openqa.selenium.remote.ProtocolHandshake.createSession(ProtocolHandshake.java:128)
at org.openqa.selenium.remote.ProtocolHandshake.createSession(ProtocolHandshake.java:75)
at org.openqa.selenium.remote.HttpCommandExecutor.execute(HttpCommandExecutor.java:139)
at org.openqa.selenium.remote.service.DriverCommandExecutor.execute(DriverCommandExecutor.java:83)
at org.openqa.selenium.remote.RemoteWebDriver.execute(RemoteWebDriver.java:582)
at org.openqa.selenium.remote.RemoteWebDriver.startSession(RemoteWebDriver.java:216)
at org.openqa.selenium.remote.RemoteWebDriver.<init>(RemoteWebDriver.java:136)
at org.openqa.selenium.chromium.ChromiumDriver.<init>(ChromiumDriver.java:75)
at org.openqa.selenium.chrome.ChromeDriver.<init>(ChromeDriver.java:163)
at org.openqa.selenium.chrome.ChromeDriver.<init>(ChromeDriver.java:150)
at org.openqa.selenium.chrome.ChromeDriver.<init>(ChromeDriver.java:105)
at resources.base.initalizeDriver(base.java:35)
at Academy.validateTitle.initalize(validateTitle.java:22)
at java.base/jdk.internal.reflect.NativeMethodAccessorImpl.invoke0(Native Method)
at java.base/jdk.internal.reflect.NativeMethodAccessorImpl.invoke(NativeMethodAccessorImpl.java:62)
at java.base/jdk.internal.reflect.DelegatingMethodAccessorImpl.invoke(DelegatingMethodAccessorImpl.java:43)
at java.base/java.lang.reflect.Method.invoke(Method.java:567)
at org.testng.internal.MethodInvocationHelper.invokeMethod(MethodInvocationHelper.java:134)
at org.testng.internal.MethodInvocationHelper.invokeMethodConsideringTimeout(MethodInvocationHelper.java:63)
at org.testng.internal.ConfigInvoker.invokeConfigurationMethod(ConfigInvoker.java:348)
at org.testng.internal.ConfigInvoker.invokeConfigurations(ConfigInvoker.java:302)
at org.testng.TestRunner.invokeTestConfigurations(TestRunner.java:619)
at org.testng.TestRunner.beforeRun(TestRunner.java:609)
at org.testng.TestRunner.run(TestRunner.java:580)
at org.testng.SuiteRunner.runTest(SuiteRunner.java:384)
at org.testng.SuiteRunner.runSequentially(SuiteRunner.java:378)
at org.testng.SuiteRunner.privateRun(SuiteRunner.java:337)
at org.testng.SuiteRunner.run(SuiteRunner.java:286)
at org.testng.SuiteRunnerWorker.runSuite(SuiteRunnerWorker.java:53)
at org.testng.SuiteRunnerWorker.run(SuiteRunnerWorker.java:96)
at org.testng.TestNG.runSuitesSequentially(TestNG.java:1187)
at org.testng.TestNG.runSuitesLocally(TestNG.java:1109)
at org.testng.TestNG.runSuites(TestNG.java:1039)
at org.testng.TestNG.run(TestNG.java:1007)
at org.testng.remote.AbstractRemoteTestNG.run(AbstractRemoteTestNG.java:115)
at org.testng.remote.RemoteTestNG.initAndRun(RemoteTestNG.java:251)
at org.testng.remote.RemoteTestNG.main(RemoteTestNG.java:77)
]]>
    </error>
  </testcase> <!-- initalize -->
  <system-out/>
  <testcase classname="Academy.validateTitle" name="ValidateWebTitle" time="0.001">
    <skipped/>
  </testcase> <!-- ValidateWebTitle -->
  <system-out/>
</testsuite> <!-- Academy.validateTitle -->
